Longitude;Latitude;Accuracy;Provider;1357769833760;Session
13.129895;52.3921044;23.16900062561035;network;1357641097605;a9445096-4599-49ab-a760-e2d8575f472c
13.1298588;52.3920888;20.68000030517578;network;1357641116237;a9445096-4599-49ab-a760-e2d8575f472c
13.132125595584512;52.39279262255877;5.0;gps;1357641267000;a9445096-4599-49ab-a760-e2d8575f472c
13.132157111540437;52.39278939552605;10.0;gps;1357641268000;a9445096-4599-49ab-a760-e2d8575f472c
13.132188627496362;52.39277778659016;10.0;gps;1357641269000;a9445096-4599-49ab-a760-e2d8575f472c
13.132210168987513;52.39277916960418;15.0;gps;1357641270000;a9445096-4599-49ab-a760-e2d8575f472c
13.132229363545775;52.392779253423214;15.0;gps;1357641271000;a9445096-4599-49ab-a760-e2d8575f472c
13.132241936400533;52.392782899551094;15.0;gps;1357641272000;a9445096-4599-49ab-a760-e2d8575f472c
13.132261298596859;52.39278256427497;15.0;gps;1357641273000;a9445096-4599-49ab-a760-e2d8575f472c
13.132281331345439;52.39278482738882;20.0;gps;1357641274000;a9445096-4599-49ab-a760-e2d8575f472c
13.132286109030247;52.39279962144792;20.0;gps;1357641275000;a9445096-4599-49ab-a760-e2d8575f472c
13.13229608349502;52.392806662246585;20.0;gps;1357641276000;a9445096-4599-49ab-a760-e2d8575f472c
13.132315278053284;52.39281215239316;20.0;gps;1357641277000;a9445096-4599-49ab-a760-e2d8575f472c
13.132327515631914;52.392823342233896;20.0;gps;1357641278000;a9445096-4599-49ab-a760-e2d8575f472c
13.132337154820561;52.392833274789155;20.0;gps;1357641279000;a9445096-4599-49ab-a760-e2d8575f472c
13.132345201447606;52.392839435487986;20.0;gps;1357641280000;a9445096-4599-49ab-a760-e2d8575f472c
13.13235861249268;52.392845721915364;20.0;gps;1357641281000;a9445096-4599-49ab-a760-e2d8575f472c
13.132368000224233;52.392859468236566;20.0;gps;1357641282000;a9445096-4599-49ab-a760-e2d8575f472c
13.132379902526736;52.392872921191156;20.0;gps;1357641283000;a9445096-4599-49ab-a760-e2d8575f472c
13.132392559200525;52.392884572036564;20.0;gps;1357641284000;a9445096-4599-49ab-a760-e2d8575f472c
13.13240454532206;52.39289785735309;20.0;gps;1357641285000;a9445096-4599-49ab-a760-e2d8575f472c
13.132418878376484;52.39290988538414;20.0;gps;1357641286000;a9445096-4599-49ab-a760-e2d8575f472c
13.132432037964463;52.39292145241052;20.0;gps;1357641287000;a9445096-4599-49ab-a760-e2d8575f472c
13.132443940266967;52.392931720241904;20.0;gps;1357641288000;a9445096-4599-49ab-a760-e2d8575f472c
13.1324577704072;52.39294035360217;20.0;gps;1357641289000;a9445096-4599-49ab-a760-e2d8575f472c
13.132471684366465;52.392948400229216;15.0;gps;1357641290000;a9445096-4599-49ab-a760-e2d8575f472c
13.132481826469302;52.3929602606222;15.0;gps;1357641291000;a9445096-4599-49ab-a760-e2d8575f472c
13.132498925551772;52.39296709187329;15.0;gps;1357641292000;a9445096-4599-49ab-a760-e2d8575f472c
13.132520969957113;52.392973084934056;15.0;gps;1357641293000;a9445096-4599-49ab-a760-e2d8575f472c
13.13254133798182;52.39298326894641;15.0;gps;1357641294000;a9445096-4599-49ab-a760-e2d8575f472c
13.132557598873973;52.39299349486828;15.0;gps;1357641295000;a9445096-4599-49ab-a760-e2d8575f472c
13.132570507004857;52.39300447516143;15.0;gps;1357641296000;a9445096-4599-49ab-a760-e2d8575f472c
13.132582912221551;52.39301625173539;15.0;gps;1357641297000;a9445096-4599-49ab-a760-e2d8575f472c
13.132593557238579;52.39303037524223;15.0;gps;1357641298000;a9445096-4599-49ab-a760-e2d8575f472c
13.132601184770465;52.39304743241519;15.0;gps;1357641299000;a9445096-4599-49ab-a760-e2d8575f472c
13.132610823959112;52.39306532777846;15.0;gps;1357641300000;a9445096-4599-49ab-a760-e2d8575f472c
13.13262146897614;52.39308477379382;15.0;gps;1357641301000;a9445096-4599-49ab-a760-e2d8575f472c
13.132635885849595;52.3931082431227;10.0;gps;1357641302000;a9445096-4599-49ab-a760-e2d8575f472c
13.132643261924386;52.393139633350074;10.0;gps;1357641303000;a9445096-4599-49ab-a760-e2d8575f472c
13.132656840607524;52.393162809312344;10.0;gps;1357641304000;a9445096-4599-49ab-a760-e2d8575f472c
13.132668323814869;52.39317923784256;10.0;gps;1357641305000;a9445096-4599-49ab-a760-e2d8575f472c
13.132684417068958;52.393192020244896;10.0;gps;1357641306000;a9445096-4599-49ab-a760-e2d8575f472c
13.132700426504016;52.393203964456916;10.0;gps;1357641307000;a9445096-4599-49ab-a760-e2d8575f472c
13.132710233330727;52.39321393892169;10.0;gps;1357641308000;a9445096-4599-49ab-a760-e2d8575f472c
13.1327167712152;52.39322357811034;10.0;gps;1357641309000;a9445096-4599-49ab-a760-e2d8575f472c
13.132719956338406;52.39323346875608;10.0;gps;1357641310000;a9445096-4599-49ab-a760-e2d8575f472c
13.132721045985818;52.39324335940182;10.0;gps;1357641311000;a9445096-4599-49ab-a760-e2d8575f472c
13.132719788700342;52.39325450733304;10.0;gps;1357641312000;a9445096-4599-49ab-a760-e2d8575f472c
13.132720878347754;52.39326473325491;10.0;gps;1357641313000;a9445096-4599-49ab-a760-e2d8575f472c
13.132724817842245;52.393274581991136;10.0;gps;1357641314000;a9445096-4599-49ab-a760-e2d8575f472c
13.132729092612863;52.39328392781317;10.0;gps;1357641315000;a9445096-4599-49ab-a760-e2d8575f472c
13.13272942788899;52.393292812630534;10.0;gps;1357641316000;a9445096-4599-49ab-a760-e2d8575f472c
13.132729595527053;52.39330320619047;10.0;gps;1357641317000;a9445096-4599-49ab-a760-e2d8575f472c
13.132731355726719;52.39331079181284;10.0;gps;1357641318000;a9445096-4599-49ab-a760-e2d8575f472c
13.132734959945083;52.393317497335374;10.0;gps;1357641319000;a9445096-4599-49ab-a760-e2d8575f472c
13.132739150896668;52.39332240074873;10.0;gps;1357641320000;a9445096-4599-49ab-a760-e2d8575f472c
13.132745353505015;52.39332847762853;10.0;gps;1357641321000;a9445096-4599-49ab-a760-e2d8575f472c
13.132756166160107;52.39333354867995;10.0;gps;1357641322000;a9445096-4599-49ab-a760-e2d8575f472c
13.132767481729388;52.39333866164088;10.0;gps;1357641323000;a9445096-4599-49ab-a760-e2d8575f472c
13.132771169766784;52.39334700163454;10.0;gps;1357641324000;a9445096-4599-49ab-a760-e2d8575f472c
13.132775612175465;52.39335387479514;10.0;gps;1357641325000;a9445096-4599-49ab-a760-e2d8575f472c
13.132774354889989;52.39336640574038;10.0;gps;1357641326000;a9445096-4599-49ab-a760-e2d8575f472c
13.13277242705226;52.39338207989931;10.0;gps;1357641327000;a9445096-4599-49ab-a760-e2d8575f472c
13.13277192413807;52.39339511375874;10.0;gps;1357641328000;a9445096-4599-49ab-a760-e2d8575f472c
13.132771840319037;52.39340546540916;10.0;gps;1357641329000;a9445096-4599-49ab-a760-e2d8575f472c
13.132770918309689;52.393416529521346;10.0;gps;1357641330000;a9445096-4599-49ab-a760-e2d8575f472c
13.132764883339405;52.393430150114;10.0;gps;1357641331000;a9445096-4599-49ab-a760-e2d8575f472c
13.132759016007185;52.39344817120582;10.0;gps;1357641332000;a9445096-4599-49ab-a760-e2d8575f472c
13.132752645760775;52.393466108478606;10.0;gps;1357641333000;a9445096-4599-49ab-a760-e2d8575f472c
13.132746946066618;52.39348132163286;10.0;gps;1357641334000;a9445096-4599-49ab-a760-e2d8575f472c
13.132733618840575;52.3934993846342;10.0;gps;1357641335000;a9445096-4599-49ab-a760-e2d8575f472c
13.132707048207521;52.39353488199413;10.0;gps;1357641336000;a9445096-4599-49ab-a760-e2d8575f472c
13.132696654647589;52.39355801604688;10.0;gps;1357641337000;a9445096-4599-49ab-a760-e2d8575f472c
13.13268642872572;52.39358110819012;10.0;gps;1357641338000;a9445096-4599-49ab-a760-e2d8575f472c
13.132679304108024;52.39360051229596;10.0;gps;1357641339000;a9445096-4599-49ab-a760-e2d8575f472c
13.132673017680645;52.39361916203052;10.0;gps;1357641340000;a9445096-4599-49ab-a760-e2d8575f472c
13.132669916376472;52.39363764412701;10.0;gps;1357641341000;a9445096-4599-49ab-a760-e2d8575f472c
13.13267033547163;52.39365067798644;10.0;gps;1357641342000;a9445096-4599-49ab-a760-e2d8575f472c
13.13267083838582;52.393662999384105;10.0;gps;1357641343000;a9445096-4599-49ab-a760-e2d8575f472c
13.132665306329727;52.39367905072868;10.0;gps;1357641344000;a9445096-4599-49ab-a760-e2d8575f472c
13.132664300501347;52.393691036850214;10.0;gps;1357641345000;a9445096-4599-49ab-a760-e2d8575f472c
13.132661366835237;52.39370490889996;10.0;gps;1357641346000;a9445096-4599-49ab-a760-e2d8575f472c
13.13266010954976;52.39371714647859;10.0;gps;1357641347000;a9445096-4599-49ab-a760-e2d8575f472c
13.132660193368793;52.39372854586691;10.0;gps;1357641348000;a9445096-4599-49ab-a760-e2d8575f472c
13.132657678797841;52.393739987164736;10.0;gps;1357641349000;a9445096-4599-49ab-a760-e2d8575f472c
13.132654577493668;52.3937512608245;10.0;gps;1357641350000;a9445096-4599-49ab-a760-e2d8575f472c
13.132652565836906;52.39375884644687;10.0;gps;1357641351000;a9445096-4599-49ab-a760-e2d8575f472c
13.132650554180145;52.39376835990697;10.0;gps;1357641352000;a9445096-4599-49ab-a760-e2d8575f472c
13.132648877799511;52.39377913065255;10.0;gps;1357641353000;a9445096-4599-49ab-a760-e2d8575f472c
13.132646949961782;52.39379019476473;10.0;gps;1357641354000;a9445096-4599-49ab-a760-e2d8575f472c
13.13264636322856;52.393803731538355;10.0;gps;1357641355000;a9445096-4599-49ab-a760-e2d8575f472c
13.132647201418877;52.3938162624836;10.0;gps;1357641356000;a9445096-4599-49ab-a760-e2d8575f472c
13.132649129256606;52.393828919157386;10.0;gps;1357641357000;a9445096-4599-49ab-a760-e2d8575f472c
13.132648626342416;52.3938392708078;10.0;gps;1357641358000;a9445096-4599-49ab-a760-e2d8575f472c
13.132648123428226;52.39385460969061;10.0;gps;1357641359000;a9445096-4599-49ab-a760-e2d8575f472c
13.13265273347497;52.39386617671698;10.0;gps;1357641360000;a9445096-4599-49ab-a760-e2d8575f472c
13.132662875577807;52.39388168323785;10.0;gps;1357641361000;a9445096-4599-49ab-a760-e2d8575f472c
13.132679471746087;52.39389128051698;10.0;gps;1357641362000;a9445096-4599-49ab-a760-e2d8575f472c
13.132700426504016;52.393897105939686;10.0;gps;1357641363000;a9445096-4599-49ab-a760-e2d8575f472c
13.13272163271904;52.393904398195446;10.0;gps;1357641364000;a9445096-4599-49ab-a760-e2d8575f472c
13.132743341848254;52.393911271356046;10.0;gps;1357641365000;a9445096-4599-49ab-a760-e2d8575f472c
13.132767314091325;52.39391944371164;10.0;gps;1357641366000;a9445096-4599-49ab-a760-e2d8575f472c
13.132795225828886;52.393920072354376;10.0;gps;1357641367000;a9445096-4599-49ab-a760-e2d8575f472c
13.132824478670955;52.39392162300646;10.0;gps;1357641368000;a9445096-4599-49ab-a760-e2d8575f472c
13.132854737341404;52.39392137154937;10.0;gps;1357641369000;a9445096-4599-49ab-a760-e2d8575f472c
13.132874267175794;52.39392480812967;10.0;gps;1357641370000;a9445096-4599-49ab-a760-e2d8575f472c
13.13289656303823;52.39392962772399;10.0;gps;1357641371000;a9445096-4599-49ab-a760-e2d8575f472c
13.13291810452938;52.39393327385187;10.0;gps;1357641372000;a9445096-4599-49ab-a760-e2d8575f472c
13.132935790345073;52.39393591415137;10.0;gps;1357641373000;a9445096-4599-49ab-a760-e2d8575f472c
13.132954481989145;52.393938302993774;10.0;gps;1357641374000;a9445096-4599-49ab-a760-e2d8575f472c
13.132975352928042;52.39393997937441;10.0;gps;1357641375000;a9445096-4599-49ab-a760-e2d8575f472c
13.132997481152415;52.39394136238843;10.0;gps;1357641376000;a9445096-4599-49ab-a760-e2d8575f472c
13.133019274100661;52.39394094329327;10.0;gps;1357641377000;a9445096-4599-49ab-a760-e2d8575f472c
13.133039139211178;52.39393872208893;10.0;gps;1357641378000;a9445096-4599-49ab-a760-e2d8575f472c
13.133055903017521;52.393932435661554;10.0;gps;1357641379000;a9445096-4599-49ab-a760-e2d8575f472c
13.133071325719357;52.39392132963985;10.0;gps;1357641380000;a9445096-4599-49ab-a760-e2d8575f472c
13.133081132546067;52.3939240956679;10.0;gps;1357641381000;a9445096-4599-49ab-a760-e2d8575f472c
13.133083647117019;52.39393583033234;10.0;gps;1357641382000;a9445096-4599-49ab-a760-e2d8575f472c
13.133078450337052;52.3939552763477;10.0;gps;1357641383000;a9445096-4599-49ab-a760-e2d8575f472c
13.133077528327703;52.39396944176406;10.0;gps;1357641384000;a9445096-4599-49ab-a760-e2d8575f472c
13.133078534156084;52.39398218225688;10.0;gps;1357641385000;a9445096-4599-49ab-a760-e2d8575f472c
13.133072080090642;52.3939896421507;10.0;gps;1357641386000;a9445096-4599-49ab-a760-e2d8575f472c
13.133067386224866;52.394000831991434;10.0;gps;1357641387000;a9445096-4599-49ab-a760-e2d8575f472c
13.133066967129707;52.39401646424085;10.0;gps;1357641388000;a9445096-4599-49ab-a760-e2d8575f472c
13.133071074262261;52.39403469488025;10.0;gps;1357641389000;a9445096-4599-49ab-a760-e2d8575f472c
13.133063279092312;52.3940535960719;10.0;gps;1357641390000;a9445096-4599-49ab-a760-e2d8575f472c
13.13305682502687;52.39408615976572;10.0;gps;1357641391000;a9445096-4599-49ab-a760-e2d8575f472c
13.133050370961428;52.39411851391196;10.0;gps;1357641392000;a9445096-4599-49ab-a760-e2d8575f472c
13.133044671267271;52.39414210896939;10.0;gps;1357641393000;a9445096-4599-49ab-a760-e2d8575f472c
13.133040145039558;52.3941630218178;10.0;gps;1357641394000;a9445096-4599-49ab-a760-e2d8575f472c
13.133021453395486;52.39419889636338;10.0;gps;1357641395000;a9445096-4599-49ab-a760-e2d8575f472c
13.133000917732716;52.39423259161413;10.0;gps;1357641396000;a9445096-4599-49ab-a760-e2d8575f472c
13.132988596335053;52.39425874315202;15.0;gps;1357641397000;a9445096-4599-49ab-a760-e2d8575f472c
13.132981639355421;52.39428045228124;10.0;gps;1357641398000;a9445096-4599-49ab-a760-e2d8575f472c
13.132975185289979;52.39429893437773;10.0;gps;1357641399000;a9445096-4599-49ab-a760-e2d8575f472c
13.13297275453806;52.394312345422804;10.0;gps;1357641400000;a9445096-4599-49ab-a760-e2d8575f472c
13.132975352928042;52.39432638511062;10.0;gps;1357641401000;a9445096-4599-49ab-a760-e2d8575f472c
13.13297568820417;52.39433837123215;10.0;gps;1357641402000;a9445096-4599-49ab-a760-e2d8575f472c
13.132979040965438;52.394352704286575;10.0;gps;1357641403000;a9445096-4599-49ab-a760-e2d8575f472c
13.132977783679962;52.3943662410602;10.0;gps;1357641404000;a9445096-4599-49ab-a760-e2d8575f472c
13.132974430918694;52.39437914919108;10.0;gps;1357641405000;a9445096-4599-49ab-a760-e2d8575f472c
13.13297568820417;52.394392685964704;10.0;gps;1357641406000;a9445096-4599-49ab-a760-e2d8575f472c
13.13297376036644;52.39440425299108;10.0;gps;1357641407000;a9445096-4599-49ab-a760-e2d8575f472c
13.132969066500664;52.39441934041679;10.0;gps;1357641408000;a9445096-4599-49ab-a760-e2d8575f472c
13.132961355149746;52.394433547742665;10.0;gps;1357641409000;a9445096-4599-49ab-a760-e2d8575f472c
13.132952805608511;52.394444779492915;10.0;gps;1357641410000;a9445096-4599-49ab-a760-e2d8575f472c
13.132946686819196;52.3944566398859;10.0;gps;1357641411000;a9445096-4599-49ab-a760-e2d8575f472c
13.132938891649246;52.39446992520243;10.0;gps;1357641412000;a9445096-4599-49ab-a760-e2d8575f472c
13.132929923012853;52.39447964821011;10.0;gps;1357641413000;a9445096-4599-49ab-a760-e2d8575f472c
13.132918858900666;52.39448715001345;10.0;gps;1357641414000;a9445096-4599-49ab-a760-e2d8575f472c
13.132907459512353;52.3944923048839;10.0;gps;1357641415000;a9445096-4599-49ab-a760-e2d8575f472c
13.132893964648247;52.39449477754533;10.0;gps;1357641416000;a9445096-4599-49ab-a760-e2d8575f472c
13.132875440642238;52.39449561573565;10.0;gps;1357641417000;a9445096-4599-49ab-a760-e2d8575f472c
13.132855826988816;52.394494651816785;10.0;gps;1357641418000;a9445096-4599-49ab-a760-e2d8575f472c
13.132834117859602;52.394493143074214;10.0;gps;1357641419000;a9445096-4599-49ab-a760-e2d8575f472c
13.13281492330134;52.394490209408104;10.0;gps;1357641420000;a9445096-4599-49ab-a760-e2d8575f472c
13.132792124524713;52.39448719192296;10.0;gps;1357641421000;a9445096-4599-49ab-a760-e2d8575f472c
13.132769409567118;52.39448346197605;10.0;gps;1357641422000;a9445096-4599-49ab-a760-e2d8575f472c
13.132747197523713;52.39447922911495;10.0;gps;1357641423000;a9445096-4599-49ab-a760-e2d8575f472c
13.132725404575467;52.39447558298707;10.0;gps;1357641424000;a9445096-4599-49ab-a760-e2d8575f472c
13.13270604237914;52.3944722302258;10.0;gps;1357641425000;a9445096-4599-49ab-a760-e2d8575f472c
13.132688105106354;52.39447109866887;10.0;gps;1357641426000;a9445096-4599-49ab-a760-e2d8575f472c
13.132668156176805;52.39446870982647;10.0;gps;1357641427000;a9445096-4599-49ab-a760-e2d8575f472c
13.132648542523384;52.394466111436486;10.0;gps;1357641428000;a9445096-4599-49ab-a760-e2d8575f472c
13.132629599422216;52.39446414168924;10.0;gps;1357641429000;a9445096-4599-49ab-a760-e2d8575f472c
13.13261124305427;52.39446120802313;10.0;gps;1357641430000;a9445096-4599-49ab-a760-e2d8575f472c
13.13259556889534;52.39445898681879;10.0;gps;1357641431000;a9445096-4599-49ab-a760-e2d8575f472c
13.13257704488933;52.394457310438156;10.0;gps;1357641432000;a9445096-4599-49ab-a760-e2d8575f472c
13.132559107616544;52.39445391576737;10.0;gps;1357641433000;a9445096-4599-49ab-a760-e2d8575f472c
13.132539745420218;52.39445198792964;10.0;gps;1357641434000;a9445096-4599-49ab-a760-e2d8575f472c
13.132516946643591;52.39445123355836;10.0;gps;1357641435000;a9445096-4599-49ab-a760-e2d8575f472c
13.132495656609535;52.39444834180176;10.0;gps;1357641436000;a9445096-4599-49ab-a760-e2d8575f472c
13.132475037127733;52.39444653969258;10.0;gps;1357641437000;a9445096-4599-49ab-a760-e2d8575f472c
13.132453160360456;52.39444490522146;10.0;gps;1357641438000;a9445096-4599-49ab-a760-e2d8575f472c
13.132434552535415;52.39444343838841;10.0;gps;1357641439000;a9445096-4599-49ab-a760-e2d8575f472c
13.132417453452945;52.39444301929325;10.0;gps;1357641440000;a9445096-4599-49ab-a760-e2d8575f472c
13.13239574432373;52.39444172009826;10.0;gps;1357641441000;a9445096-4599-49ab-a760-e2d8575f472c
13.132374621927738;52.39443933125585;10.0;gps;1357641442000;a9445096-4599-49ab-a760-e2d8575f472c
13.132356014102697;52.39443731959909;10.0;gps;1357641443000;a9445096-4599-49ab-a760-e2d8575f472c
13.132334807887673;52.394435768947005;10.0;gps;1357641444000;a9445096-4599-49ab-a760-e2d8575f472c
13.132312344387174;52.39443480502814;10.0;gps;1357641445000;a9445096-4599-49ab-a760-e2d8575f472c
13.132292479276657;52.394433841109276;5.0;gps;1357641446000;a9445096-4599-49ab-a760-e2d8575f472c
13.132270853966475;52.39443308673799;5.0;gps;1357641447000;a9445096-4599-49ab-a760-e2d8575f472c
13.132248474285007;52.39443115890026;5.0;gps;1357641448000;a9445096-4599-49ab-a760-e2d8575f472c
13.13222466968;52.394428895786405;10.0;gps;1357641449000;a9445096-4599-49ab-a760-e2d8575f472c
13.13220078125596;52.39442763850093;5.0;gps;1357641450000;a9445096-4599-49ab-a760-e2d8575f472c
13.13217680901289;52.394426967948675;5.0;gps;1357641451000;a9445096-4599-49ab-a760-e2d8575f472c
13.1321538425982;52.39442629739642;5.0;gps;1357641452000;a9445096-4599-49ab-a760-e2d8575f472c
13.132131714373827;52.39442369900644;5.0;gps;1357641453000;a9445096-4599-49ab-a760-e2d8575f472c
13.132110759615898;52.39442005287856;5.0;gps;1357641454000;a9445096-4599-49ab-a760-e2d8575f472c
13.132090559229255;52.3944169934839;5.0;gps;1357641455000;a9445096-4599-49ab-a760-e2d8575f472c
13.1313862;52.3942514;119.51499938964844;network;1357641456626;a9445096-4599-49ab-a760-e2d8575f472c
13.13206977210939;52.3944146046415;5.0;gps;1357641456000;a9445096-4599-49ab-a760-e2d8575f472c
13.13204781152308;52.3944109166041;5.0;gps;1357641457000;a9445096-4599-49ab-a760-e2d8575f472c
13.13202342018485;52.39440706092864;5.0;gps;1357641458000;a9445096-4599-49ab-a760-e2d8575f472c
13.13199651427567;52.39440161269158;5.0;gps;1357641459000;a9445096-4599-49ab-a760-e2d8575f472c
13.131970781832933;52.3943979665637;5.0;gps;1357641460000;a9445096-4599-49ab-a760-e2d8575f472c
13.131947731599212;52.39439515862614;5.0;gps;1357641461000;a9445096-4599-49ab-a760-e2d8575f472c
13.131925771012902;52.394393691793084;5.0;gps;1357641462000;a9445096-4599-49ab-a760-e2d8575f472c
13.13190272077918;52.394391973502934;5.0;gps;1357641463000;a9445096-4599-49ab-a760-e2d8575f472c
13.131880424916744;52.39439059048891;5.0;gps;1357641464000;a9445096-4599-49ab-a760-e2d8575f472c
13.131859302520752;52.39439088385552;5.0;gps;1357641465000;a9445096-4599-49ab-a760-e2d8575f472c
13.131838850677013;52.394392560236156;5.0;gps;1357641466000;a9445096-4599-49ab-a760-e2d8575f472c
13.131816387176514;52.394393985159695;5.0;gps;1357641467000;a9445096-4599-49ab-a760-e2d8575f472c
13.131792414933443;52.394392979331315;5.0;gps;1357641468000;a9445096-4599-49ab-a760-e2d8575f472c
13.131768610328436;52.39439222496003;5.0;gps;1357641469000;a9445096-4599-49ab-a760-e2d8575f472c
13.13174681738019;52.394390548579395;5.0;gps;1357641470000;a9445096-4599-49ab-a760-e2d8575f472c
13.131723934784532;52.39438803400844;5.0;gps;1357641471000;a9445096-4599-49ab-a760-e2d8575f472c
13.131698705255985;52.394385477527976;5.0;gps;1357641472000;a9445096-4599-49ab-a760-e2d8575f472c
13.13167741522193;52.39438216667622;5.0;gps;1357641473000;a9445096-4599-49ab-a760-e2d8575f472c
13.131655203178525;52.39437898155302;5.0;gps;1357641474000;a9445096-4599-49ab-a760-e2d8575f472c
13.131635170429945;52.394374958239496;5.0;gps;1357641475000;a9445096-4599-49ab-a760-e2d8575f472c
13.131618071347475;52.394372653216124;5.0;gps;1357641476000;a9445096-4599-49ab-a760-e2d8575f472c
13.131388;52.3942649;118.31500244140625;network;1357641477735;a9445096-4599-49ab-a760-e2d8575f472c
13.131599798798561;52.39436875563115;5.0;gps;1357641477000;a9445096-4599-49ab-a760-e2d8575f472c
13.131580604240298;52.39436791744083;5.0;gps;1357641478000;a9445096-4599-49ab-a760-e2d8575f472c
13.13156115822494;52.394366576336324;5.0;gps;1357641479000;a9445096-4599-49ab-a760-e2d8575f472c
13.13153961673379;52.39436582196504;5.0;gps;1357641480000;a9445096-4599-49ab-a760-e2d8575f472c
13.131516398862004;52.39436821080744;5.0;gps;1357641481000;a9445096-4599-49ab-a760-e2d8575f472c
13.131499383598566;52.39437491632998;5.0;gps;1357641482000;a9445096-4599-49ab-a760-e2d8575f472c
13.13148882240057;52.394386189989746;5.0;gps;1357641483000;a9445096-4599-49ab-a760-e2d8575f472c
13.131484966725111;52.39440144505352;5.0;gps;1357641484000;a9445096-4599-49ab-a760-e2d8575f472c
13.131480189040303;52.39441649056971;10.0;gps;1357641485000;a9445096-4599-49ab-a760-e2d8575f472c
13.131461748853326;52.39442168734968;10.0;gps;1357641486000;a9445096-4599-49ab-a760-e2d8575f472c
13.131440542638302;52.39442156162113;10.0;gps;1357641487000;a9445096-4599-49ab-a760-e2d8575f472c
13.131419168785214;52.39441992715001;10.0;gps;1357641488000;a9445096-4599-49ab-a760-e2d8575f472c
13.131398130208254;52.394418669864535;10.0;gps;1357641489000;a9445096-4599-49ab-a760-e2d8575f472c
13.131373403593898;52.394417664036155;10.0;gps;1357641490000;a9445096-4599-49ab-a760-e2d8575f472c
13.131351778283715;52.3944169934839;10.0;gps;1357641491000;a9445096-4599-49ab-a760-e2d8575f472c
13.131327889859676;52.39441439509392;10.0;gps;1357641492000;a9445096-4599-49ab-a760-e2d8575f472c
13.131302576512098;52.39441359881312;10.0;gps;1357641493000;a9445096-4599-49ab-a760-e2d8575f472c
13.131279442459345;52.394414017908275;10.0;gps;1357641494000;a9445096-4599-49ab-a760-e2d8575f472c
13.131254967302084;52.394413221627474;10.0;gps;1357641495000;a9445096-4599-49ab-a760-e2d8575f472c
13.131232419982553;52.39441297017038;10.0;gps;1357641496000;a9445096-4599-49ab-a760-e2d8575f472c
13.1313008;52.3941953;23.0;network;1357641497816;a9445096-4599-49ab-a760-e2d8575f472c
13.131211716681719;52.39441167097539;10.0;gps;1357641497000;a9445096-4599-49ab-a760-e2d8575f472c
13.131190426647663;52.39441020414233;5.0;gps;1357641498000;a9445096-4599-49ab-a760-e2d8575f472c
13.131168633699417;52.39440869539976;5.0;gps;1357641499000;a9445096-4599-49ab-a760-e2d8575f472c
13.131144577637315;52.394406222738326;5.0;gps;1357641500000;a9445096-4599-49ab-a760-e2d8575f472c
13.131125885993242;52.39440115168691;5.0;gps;1357641501000;a9445096-4599-49ab-a760-e2d8575f472c
13.131107529625297;52.394396206364036;5.0;gps;1357641502000;a9445096-4599-49ab-a760-e2d8575f472c
13.131087245419621;52.394392769783735;5.0;gps;1357641503000;a9445096-4599-49ab-a760-e2d8575f472c
13.131060507148504;52.39439201541245;5.0;gps;1357641504000;a9445096-4599-49ab-a760-e2d8575f472c
13.131033601239324;52.394391973502934;5.0;gps;1357641505000;a9445096-4599-49ab-a760-e2d8575f472c
13.131012814119458;52.394389836117625;5.0;gps;1357641506000;a9445096-4599-49ab-a760-e2d8575f472c
13.130991775542498;52.39438723772764;5.0;gps;1357641507000;a9445096-4599-49ab-a760-e2d8575f472c
13.130970485508442;52.39438476506621;5.0;gps;1357641508000;a9445096-4599-49ab-a760-e2d8575f472c
13.130949446931481;52.39438220858574;5.0;gps;1357641509000;a9445096-4599-49ab-a760-e2d8575f472c
13.130927318707108;52.394380322657526;5.0;gps;1357641510000;a9445096-4599-49ab-a760-e2d8575f472c
13.130907705053687;52.394378101453185;5.0;gps;1357641511000;a9445096-4599-49ab-a760-e2d8575f472c
13.130884068086743;52.39437592215836;5.0;gps;1357641512000;a9445096-4599-49ab-a760-e2d8575f472c
13.130864957347512;52.394373449496925;5.0;gps;1357641513000;a9445096-4599-49ab-a760-e2d8575f472c
13.130845092236996;52.39437118638307;5.0;gps;1357641514000;a9445096-4599-49ab-a760-e2d8575f472c
13.130824137479067;52.39436804316938;5.0;gps;1357641515000;a9445096-4599-49ab-a760-e2d8575f472c
13.130805948749185;52.39436674397439;5.0;gps;1357641516000;a9445096-4599-49ab-a760-e2d8575f472c
13.130787592381239;52.39436406176537;5.0;gps;1357641517000;a9445096-4599-49ab-a760-e2d8575f472c
13.1312873;52.3941563;26.0;network;1357641518106;a9445096-4599-49ab-a760-e2d8575f472c
13.13076663762331;52.39436066709459;5.0;gps;1357641518000;a9445096-4599-49ab-a760-e2d8575f472c
13.130745012313128;52.394357565790415;5.0;gps;1357641519000;a9445096-4599-49ab-a760-e2d8575f472c
13.130721459165215;52.394352913834155;5.0;gps;1357641520000;a9445096-4599-49ab-a760-e2d8575f472c
13.13069966621697;52.39434943534434;5.0;gps;1357641521000;a9445096-4599-49ab-a760-e2d8575f472c
13.130679214373231;52.39434679504484;5.0;gps;1357641522000;a9445096-4599-49ab-a760-e2d8575f472c
13.130658762529492;52.39434474147856;5.0;gps;1357641523000;a9445096-4599-49ab-a760-e2d8575f472c
13.130639651790261;52.394341262988746;5.0;gps;1357641524000;a9445096-4599-49ab-a760-e2d8575f472c
13.13062054105103;52.39433761686087;5.0;gps;1357641525000;a9445096-4599-49ab-a760-e2d8575f472c
13.130601430311799;52.39433556329459;5.0;gps;1357641526000;a9445096-4599-49ab-a760-e2d8575f472c
13.130580307915807;52.3943332163617;5.0;gps;1357641527000;a9445096-4599-49ab-a760-e2d8575f472c
13.130559604614973;52.39432986360043;5.0;gps;1357641528000;a9445096-4599-49ab-a760-e2d8575f472c
13.130538230761886;52.394326091744006;5.0;gps;1357641529000;a9445096-4599-49ab-a760-e2d8575f472c
13.130518365651369;52.394323660992086;5.0;gps;1357641530000;a9445096-4599-49ab-a760-e2d8575f472c
13.130496321246028;52.39432035014033;5.0;gps;1357641531000;a9445096-4599-49ab-a760-e2d8575f472c
13.130473690107465;52.39431754220277;5.0;gps;1357641532000;a9445096-4599-49ab-a760-e2d8575f472c
13.13045248389244;52.39431569818407;5.0;gps;1357641533000;a9445096-4599-49ab-a760-e2d8575f472c
13.130428846925497;52.3943133931607;5.0;gps;1357641534000;a9445096-4599-49ab-a760-e2d8575f472c
13.13040554523468;52.394310627132654;5.0;gps;1357641535000;a9445096-4599-49ab-a760-e2d8575f472c
13.130380399525166;52.39430693909526;5.0;gps;1357641536000;a9445096-4599-49ab-a760-e2d8575f472c
13.1313317;52.3942327;22.0;network;1357641537858;a9445096-4599-49ab-a760-e2d8575f472c
13.1303596124053;52.394302622415125;5.0;gps;1357641537000;a9445096-4599-49ab-a760-e2d8575f472c
13.1303405854851;52.394298682920635;5.0;gps;1357641538000;a9445096-4599-49ab-a760-e2d8575f472c
13.130320301279426;52.39429520443082;5.0;gps;1357641539000;a9445096-4599-49ab-a760-e2d8575f472c
13.130297167226672;52.394290887750685;5.0;gps;1357641540000;a9445096-4599-49ab-a760-e2d8575f472c
13.130277805030346;52.39428619388491;5.0;gps;1357641541000;a9445096-4599-49ab-a760-e2d8575f472c
13.130257353186607;52.39428003318608;5.0;gps;1357641542000;a9445096-4599-49ab-a760-e2d8575f472c
13.130235308781266;52.39427395630628;5.0;gps;1357641543000;a9445096-4599-49ab-a760-e2d8575f472c
13.130213180556893;52.394270142540336;5.0;gps;1357641544000;a9445096-4599-49ab-a760-e2d8575f472c
13.130196249112487;52.394267627969384;5.0;gps;1357641545000;a9445096-4599-49ab-a760-e2d8575f472c
13.130178479477763;52.394263981841505;5.0;gps;1357641546000;a9445096-4599-49ab-a760-e2d8575f472c
13.130158614367247;52.39426016807556;5.0;gps;1357641547000;a9445096-4599-49ab-a760-e2d8575f472c
13.130141012370586;52.39425886888057;5.0;gps;1357641548000;a9445096-4599-49ab-a760-e2d8575f472c
13.130123661831021;52.394256186671555;5.0;gps;1357641549000;a9445096-4599-49ab-a760-e2d8575f472c
13.130105473101139;52.394253546372056;5.0;gps;1357641550000;a9445096-4599-49ab-a760-e2d8575f472c
13.130084099248052;52.39424964878708;5.0;gps;1357641551000;a9445096-4599-49ab-a760-e2d8575f472c
13.130062641575933;52.39424675703049;5.0;gps;1357641552000;a9445096-4599-49ab-a760-e2d8575f472c
13.13004101626575;52.39424487110227;5.0;gps;1357641553000;a9445096-4599-49ab-a760-e2d8575f472c
13.130021654069424;52.39424499683082;5.0;gps;1357641554000;a9445096-4599-49ab-a760-e2d8575f472c
13.130004303529859;52.39424663130194;5.0;gps;1357641555000;a9445096-4599-49ab-a760-e2d8575f472c
13.1301751;52.3941047;67.58200073242188;network;1357641556739;a9445096-4599-49ab-a760-e2d8575f472c
13.129984438419342;52.39424633793533;5.0;gps;1357641556000;a9445096-4599-49ab-a760-e2d8575f472c
13.129961639642715;52.3942433623597;5.0;gps;1357641557000;a9445096-4599-49ab-a760-e2d8575f472c
13.12994034960866;52.39424147643149;5.0;gps;1357641558000;a9445096-4599-49ab-a760-e2d8575f472c
13.129917634651065;52.39424076396972;5.0;gps;1357641559000;a9445096-4599-49ab-a760-e2d8575f472c
13.129897769540548;52.39424185361713;5.0;gps;1357641560000;a9445096-4599-49ab-a760-e2d8575f472c
13.1298812571913;52.39424021914601;5.0;gps;1357641561000;a9445096-4599-49ab-a760-e2d8575f472c
13.129862984642386;52.39423485472798;5.0;gps;1357641562000;a9445096-4599-49ab-a760-e2d8575f472c
13.129847142845392;52.39422869402915;5.0;gps;1357641563000;a9445096-4599-49ab-a760-e2d8575f472c
13.129830546677113;52.394222700968385;5.0;gps;1357641564000;a9445096-4599-49ab-a760-e2d8575f472c
13.129813028499484;52.39421628881246;5.0;gps;1357641565000;a9445096-4599-49ab-a760-e2d8575f472c
13.129796516150236;52.3942089965567;10.0;gps;1357641566000;a9445096-4599-49ab-a760-e2d8575f472c
13.129789307713509;52.39420480560511;10.0;gps;1357641567000;a9445096-4599-49ab-a760-e2d8575f472c
13.12977229245007;52.39419864490628;5.0;gps;1357641568000;a9445096-4599-49ab-a760-e2d8575f472c
13.129754522815347;52.394192148931324;5.0;gps;1357641569000;a9445096-4599-49ab-a760-e2d8575f472c
13.129735914990306;52.39418431185186;5.0;gps;1357641570000;a9445096-4599-49ab-a760-e2d8575f472c
13.129715546965599;52.3941743792966;5.0;gps;1357641571000;a9445096-4599-49ab-a760-e2d8575f472c
13.129697274416685;52.39416394382715;10.0;gps;1357641572000;a9445096-4599-49ab-a760-e2d8575f472c
13.129684617742896;52.394151873886585;10.0;gps;1357641573000;a9445096-4599-49ab-a760-e2d8575f472c
13.129673972725868;52.39413687027991;10.0;gps;1357641574000;a9445096-4599-49ab-a760-e2d8575f472c
13.129673134535551;52.39412266295403;10.0;gps;1357641575000;a9445096-4599-49ab-a760-e2d8575f472c
13.129685036838055;52.39411176647991;10.0;gps;1357641576000;a9445096-4599-49ab-a760-e2d8575f472c
13.1295667;52.3940085;36.0;network;1357641577911;a9445096-4599-49ab-a760-e2d8575f472c
13.129697944968939;52.39409952890128;10.0;gps;1357641577000;a9445096-4599-49ab-a760-e2d8575f472c
13.12970389612019;52.39408381283283;10.0;gps;1357641578000;a9445096-4599-49ab-a760-e2d8575f472c
13.129706410691142;52.39406897686422;10.0;gps;1357641579000;a9445096-4599-49ab-a760-e2d8575f472c
13.12970481812954;52.39406038541347;10.0;gps;1357641580000;a9445096-4599-49ab-a760-e2d8575f472c
13.129701800644398;52.39404781255871;10.0;gps;1357641581000;a9445096-4599-49ab-a760-e2d8575f472c
13.12970045953989;52.39403515588492;10.0;gps;1357641582000;a9445096-4599-49ab-a760-e2d8575f472c
13.129705237224698;52.394020236097276;10.0;gps;1357641583000;a9445096-4599-49ab-a760-e2d8575f472c
13.129706578329206;52.39400468766689;10.0;gps;1357641584000;a9445096-4599-49ab-a760-e2d8575f472c
13.129707500338554;52.39398947451264;10.0;gps;1357641585000;a9445096-4599-49ab-a760-e2d8575f472c
13.12971118837595;52.39397577010095;10.0;gps;1357641586000;a9445096-4599-49ab-a760-e2d8575f472c
13.129717223346233;52.39396240096539;10.0;gps;1357641587000;a9445096-4599-49ab-a760-e2d8575f472c
13.12972191721201;52.393950037658215;5.0;gps;1357641588000;a9445096-4599-49ab-a760-e2d8575f472c
13.129729544743896;52.39393805153668;5.0;gps;1357641589000;a9445096-4599-49ab-a760-e2d8575f472c
13.12974245287478;52.39392573013902;5.0;gps;1357641590000;a9445096-4599-49ab-a760-e2d8575f472c
13.129752092063427;52.3939153784886;5.0;gps;1357641591000;a9445096-4599-49ab-a760-e2d8575f472c
13.12977128662169;52.39390988834202;5.0;gps;1357641592000;a9445096-4599-49ab-a760-e2d8575f472c
13.129795342683792;52.39390842150897;5.0;gps;1357641593000;a9445096-4599-49ab-a760-e2d8575f472c
13.129820739850402;52.393908337689936;5.0;gps;1357641594000;a9445096-4599-49ab-a760-e2d8575f472c
13.129846220836043;52.39390791859478;10.0;gps;1357641595000;a9445096-4599-49ab-a760-e2d8575f472c
13.129871366545558;52.393906116485596;10.0;gps;1357641596000;a9445096-4599-49ab-a760-e2d8575f472c
13.129021;52.3939437;40.5;network;1357641597451;a9445096-4599-49ab-a760-e2d8575f472c
13.129898188635707;52.393904607743025;10.0;gps;1357641597000;a9445096-4599-49ab-a760-e2d8575f472c
13.129939511418343;52.39390108734369;10.0;gps;1357641598000;a9445096-4599-49ab-a760-e2d8575f472c
13.129970608279109;52.39389249589294;5.0;gps;1357641599000;a9445096-4599-49ab-a760-e2d8575f472c
13.129990305751562;52.393882563337684;5.0;gps;1357641600000;a9445096-4599-49ab-a760-e2d8575f472c
13.130021654069424;52.39388159941882;5.0;gps;1357641601000;a9445096-4599-49ab-a760-e2d8575f472c
13.13004931434989;52.39387975540012;5.0;gps;1357641602000;a9445096-4599-49ab-a760-e2d8575f472c
13.13007915392518;52.393878414295614;5.0;gps;1357641603000;a9445096-4599-49ab-a760-e2d8575f472c
13.130105808377266;52.393877785652876;5.0;gps;1357641604000;a9445096-4599-49ab-a760-e2d8575f472c
13.130133552476764;52.39387782756239;5.0;gps;1357641605000;a9445096-4599-49ab-a760-e2d8575f472c
13.130158195272088;52.393879001028836;5.0;gps;1357641606000;a9445096-4599-49ab-a760-e2d8575f472c
13.130184011533856;52.393880006857216;5.0;gps;1357641607000;a9445096-4599-49ab-a760-e2d8575f472c
13.130211001262069;52.393879420123994;5.0;gps;1357641608000;a9445096-4599-49ab-a760-e2d8575f472c
13.13023597933352;52.39388004876673;5.0;gps;1357641609000;a9445096-4599-49ab-a760-e2d8575f472c
13.13025894574821;52.3938799649477;5.0;gps;1357641610000;a9445096-4599-49ab-a760-e2d8575f472c
13.130281325429678;52.39388050977141;5.0;gps;1357641611000;a9445096-4599-49ab-a760-e2d8575f472c
13.130306638777256;52.39388252142817;5.0;gps;1357641612000;a9445096-4599-49ab-a760-e2d8575f472c
13.130332035943866;52.39388453308493;5.0;gps;1357641613000;a9445096-4599-49ab-a760-e2d8575f472c
13.130356008186936;52.39388616755605;5.0;gps;1357641614000;a9445096-4599-49ab-a760-e2d8575f472c
13.130381237715483;52.39388755057007;5.0;gps;1357641615000;a9445096-4599-49ab-a760-e2d8575f472c
13.1292973;52.3940245;37.0;network;1357641616513;a9445096-4599-49ab-a760-e2d8575f472c
13.130406299605966;52.393890148960054;5.0;gps;1357641616000;a9445096-4599-49ab-a760-e2d8575f472c
13.130430774763227;52.39389312453568;5.0;gps;1357641617000;a9445096-4599-49ab-a760-e2d8575f472c
13.130456507205963;52.393895387649536;5.0;gps;1357641618000;a9445096-4599-49ab-a760-e2d8575f472c
13.130480647087097;52.39389379508793;5.0;gps;1357641619000;a9445096-4599-49ab-a760-e2d8575f472c
13.130503613501787;52.393891364336014;5.0;gps;1357641620000;a9445096-4599-49ab-a760-e2d8575f472c
13.130523394793272;52.39388654474169;5.0;gps;1357641621000;a9445096-4599-49ab-a760-e2d8575f472c
13.13054627738893;52.39387874957174;5.0;gps;1357641622000;a9445096-4599-49ab-a760-e2d8575f472c
13.130570752546191;52.39386785309762;5.0;gps;1357641623000;a9445096-4599-49ab-a760-e2d8575f472c
13.13060344196856;52.39385293330997;5.0;gps;1357641624000;a9445096-4599-49ab-a760-e2d8575f472c
13.130625737830997;52.39384740125388;5.0;gps;1357641625000;a9445096-4599-49ab-a760-e2d8575f472c
13.130649961531162;52.393842497840524;5.0;gps;1357641626000;a9445096-4599-49ab-a760-e2d8575f472c
13.130674604326487;52.3938358342275;5.0;gps;1357641627000;a9445096-4599-49ab-a760-e2d8575f472c
13.130695223808289;52.39382887724787;5.0;gps;1357641628000;a9445096-4599-49ab-a760-e2d8575f472c
13.130711317062378;52.39382095634937;5.0;gps;1357641629000;a9445096-4599-49ab-a760-e2d8575f472c
13.130731349810958;52.39381420891732;5.0;gps;1357641630000;a9445096-4599-49ab-a760-e2d8575f472c
13.130752639845014;52.39380855113268;5.0;gps;1357641631000;a9445096-4599-49ab-a760-e2d8575f472c
13.130772421136498;52.3938057012856;5.0;gps;1357641632000;a9445096-4599-49ab-a760-e2d8575f472c
13.13078859820962;52.39380209706724;5.0;gps;1357641633000;a9445096-4599-49ab-a760-e2d8575f472c
13.130805110558867;52.39379660692066;5.0;gps;1357641634000;a9445096-4599-49ab-a760-e2d8575f472c
13.130820784717798;52.39379124250263;5.0;gps;1357641635000;a9445096-4599-49ab-a760-e2d8575f472c
13.130833692848682;52.393787554465234;5.0;gps;1357641636000;a9445096-4599-49ab-a760-e2d8575f472c
13.130848109722137;52.39378382451832;5.0;gps;1357641637000;a9445096-4599-49ab-a760-e2d8575f472c
13.130863616243005;52.393778124824166;5.0;gps;1357641638000;a9445096-4599-49ab-a760-e2d8575f472c
13.130879122763872;52.39377112593502;5.0;gps;1357641639000;a9445096-4599-49ab-a760-e2d8575f472c
13.130894042551517;52.3937634145841;5.0;gps;1357641640000;a9445096-4599-49ab-a760-e2d8575f472c
13.130910471081734;52.39375620614737;5.0;gps;1357641641000;a9445096-4599-49ab-a760-e2d8575f472c
13.130927989259362;52.393747698515654;10.0;gps;1357641642000;a9445096-4599-49ab-a760-e2d8575f472c
13.1232393;52.3956799;1083.0;network;1357641643064;a9445096-4599-49ab-a760-e2d8575f472c
13.130944417789578;52.39373621530831;10.0;gps;1357641643000;a9445096-4599-49ab-a760-e2d8575f472c
13.130956571549177;52.39372565411031;10.0;gps;1357641644000;a9445096-4599-49ab-a760-e2d8575f472c
13.130965875461698;52.39371203351766;10.0;gps;1357641645000;a9445096-4599-49ab-a760-e2d8575f472c
13.1309709046036;52.39369837101549;10.0;gps;1357641646000;a9445096-4599-49ab-a760-e2d8575f472c
13.130973922088742;52.39368349313736;10.0;gps;1357641647000;a9445096-4599-49ab-a760-e2d8575f472c
13.130977777764201;52.39366890862584;10.0;gps;1357641648000;a9445096-4599-49ab-a760-e2d8575f472c
13.130982303991914;52.39365516230464;10.0;gps;1357641649000;a9445096-4599-49ab-a760-e2d8575f472c
13.13098263926804;52.39364191889763;10.0;gps;1357641650000;a9445096-4599-49ab-a760-e2d8575f472c
13.130983226001263;52.39362884312868;10.0;gps;1357641651000;a9445096-4599-49ab-a760-e2d8575f472c
13.13099144026637;52.39361530635506;10.0;gps;1357641652000;a9445096-4599-49ab-a760-e2d8575f472c
13.131000073626637;52.393605331890285;10.0;gps;1357641653000;a9445096-4599-49ab-a760-e2d8575f472c
13.131009377539158;52.39359405823052;10.0;gps;1357641654000;a9445096-4599-49ab-a760-e2d8575f472c
13.13101977109909;52.393580228090286;10.0;gps;1357641655000;a9445096-4599-49ab-a760-e2d8575f472c
13.131030667573214;52.39356815814972;10.0;gps;1357641656000;a9445096-4599-49ab-a760-e2d8575f472c
13.131045838817954;52.39355944097042;10.0;gps;1357641657000;a9445096-4599-49ab-a760-e2d8575f472c
13.131061512976885;52.393553531728685;10.0;gps;1357641658000;a9445096-4599-49ab-a760-e2d8575f472c
13.131072074174881;52.39354691002518;10.0;gps;1357641659000;a9445096-4599-49ab-a760-e2d8575f472c
