Longitude;Latitude;Accuracy;Provider;1354803243336;Session
13.11841213144362;52.39261790178716;10.0;gps;1354644978000;db1a73cb-bf0e-4663-8e9e-9899227f9e19
13.118342980742455;52.39261744078249;20.0;gps;1354644979000;db1a73cb-bf0e-4663-8e9e-9899227f9e19
13.118434259667993;52.39260323345661;25.0;gps;1354644980000;db1a73cb-bf0e-4663-8e9e-9899227f9e19
13.11843417584896;52.392535423859954;30.0;gps;1354644981000;db1a73cb-bf0e-4663-8e9e-9899227f9e19
13.118856707587838;52.3926573805511;35.0;gps;1354644982000;db1a73cb-bf0e-4663-8e9e-9899227f9e19
13.118620421737432;52.39260176662356;40.0;gps;1354644983000;db1a73cb-bf0e-4663-8e9e-9899227f9e19
13.118630815297365;52.39254171028733;45.0;gps;1354644984000;db1a73cb-bf0e-4663-8e9e-9899227f9e19
13.11857390217483;52.39258869085461;45.0;gps;1354644985000;db1a73cb-bf0e-4663-8e9e-9899227f9e19
13.118676580488682;52.39264899864793;45.0;gps;1354644986000;db1a73cb-bf0e-4663-8e9e-9899227f9e19
13.118715221062303;52.39275963976979;50.0;gps;1354644987000;db1a73cb-bf0e-4663-8e9e-9899227f9e19
13.118659565225244;52.39271827507764;50.0;gps;1354644988000;db1a73cb-bf0e-4663-8e9e-9899227f9e19
13.118539452552795;52.392683238722384;50.0;gps;1354644989000;db1a73cb-bf0e-4663-8e9e-9899227f9e19
13.1184649374336;52.39268390927464;50.0;gps;1354644990000;db1a73cb-bf0e-4663-8e9e-9899227f9e19
13.118570549413562;52.392690824344754;50.0;gps;1354644991000;db1a73cb-bf0e-4663-8e9e-9899227f9e19
13.118420848622918;52.39253697451204;50.0;gps;1354644992000;db1a73cb-bf0e-4663-8e9e-9899227f9e19
13.118529813364148;52.39262791816145;50.0;gps;1354644993000;db1a73cb-bf0e-4663-8e9e-9899227f9e19
13.118615141138434;52.39268126897514;50.0;gps;1354644994000;db1a73cb-bf0e-4663-8e9e-9899227f9e19
13.118572309613228;52.392687178216875;50.0;gps;1354644995000;db1a73cb-bf0e-4663-8e9e-9899227f9e19
13.118598461151123;52.392732398584485;50.0;gps;1354644996000;db1a73cb-bf0e-4663-8e9e-9899227f9e19
13.118485389277339;52.3927298001945;50.0;gps;1354644997000;db1a73cb-bf0e-4663-8e9e-9899227f9e19
13.118484383448958;52.3927662614733;50.0;gps;1354644998000;db1a73cb-bf0e-4663-8e9e-9899227f9e19
13.118390003219247;52.39280779380351;50.0;gps;1354644999000;db1a73cb-bf0e-4663-8e9e-9899227f9e19
13.118324875831604;52.39282703027129;50.0;gps;1354645000000;db1a73cb-bf0e-4663-8e9e-9899227f9e19
13.118360247462988;52.392763160169125;50.0;gps;1354645001000;db1a73cb-bf0e-4663-8e9e-9899227f9e19
13.118285145610571;52.392707336694;50.0;gps;1354645002000;db1a73cb-bf0e-4663-8e9e-9899227f9e19
13.118433337658644;52.39266647491604;50.0;gps;1354645003000;db1a73cb-bf0e-4663-8e9e-9899227f9e19
13.118039639666677;52.39268705248833;50.0;gps;1354645004000;db1a73cb-bf0e-4663-8e9e-9899227f9e19
13.118279362097383;52.39280603360385;50.0;gps;1354645005000;db1a73cb-bf0e-4663-8e9e-9899227f9e19
13.118390589952469;52.3928886372596;50.0;gps;1354645006000;db1a73cb-bf0e-4663-8e9e-9899227f9e19
13.118466110900044;52.39286349155009;50.0;gps;1354645007000;db1a73cb-bf0e-4663-8e9e-9899227f9e19
13.118208115920424;52.39281592424959;50.0;gps;1354645008000;db1a73cb-bf0e-4663-8e9e-9899227f9e19
13.118196381255984;52.39284513518214;50.0;gps;1354645009000;db1a73cb-bf0e-4663-8e9e-9899227f9e19
13.118274919688702;52.39289743825793;50.0;gps;1354645010000;db1a73cb-bf0e-4663-8e9e-9899227f9e19
13.118182802572846;52.392872502096;50.0;gps;1354645011000;db1a73cb-bf0e-4663-8e9e-9899227f9e19
13.118213061243296;52.39290921483189;50.0;gps;1354645012000;db1a73cb-bf0e-4663-8e9e-9899227f9e19
13.11805296689272;52.39284785930067;50.0;gps;1354645013000;db1a73cb-bf0e-4663-8e9e-9899227f9e19
13.118369048461318;52.39294077269733;50.0;gps;1354645014000;db1a73cb-bf0e-4663-8e9e-9899227f9e19
13.11819227412343;52.39292627200484;50.0;gps;1354645015000;db1a73cb-bf0e-4663-8e9e-9899227f9e19
13.118255054578185;52.39291575271636;50.0;gps;1354645016000;db1a73cb-bf0e-4663-8e9e-9899227f9e19
13.118275925517082;52.392865545116365;50.0;gps;1354645017000;db1a73cb-bf0e-4663-8e9e-9899227f9e19
13.118401486426592;52.39289039745927;50.0;gps;1354645018000;db1a73cb-bf0e-4663-8e9e-9899227f9e19
13.11843124218285;52.39295485429466;50.0;gps;1354645019000;db1a73cb-bf0e-4663-8e9e-9899227f9e19
13.11839159578085;52.39307492505759;50.0;gps;1354645020000;db1a73cb-bf0e-4663-8e9e-9899227f9e19
13.118655122816563;52.393081337213516;50.0;gps;1354645021000;db1a73cb-bf0e-4663-8e9e-9899227f9e19
13.118486478924751;52.39305811934173;50.0;gps;1354645022000;db1a73cb-bf0e-4663-8e9e-9899227f9e19
13.118316242471337;52.392938300035894;50.0;gps;1354645023000;db1a73cb-bf0e-4663-8e9e-9899227f9e19
13.118504416197538;52.39293570164591;50.0;gps;1354645024000;db1a73cb-bf0e-4663-8e9e-9899227f9e19
13.118491843342781;52.393078613094985;50.0;gps;1354645025000;db1a73cb-bf0e-4663-8e9e-9899227f9e19
13.118534507229924;52.39310476463288;50.0;gps;1354645026000;db1a73cb-bf0e-4663-8e9e-9899227f9e19
13.118655541911721;52.393174543976784;50.0;gps;1354645027000;db1a73cb-bf0e-4663-8e9e-9899227f9e19
13.118773307651281;52.39311771467328;50.0;gps;1354645028000;db1a73cb-bf0e-4663-8e9e-9899227f9e19
13.118422525003552;52.393043828196824;50.0;gps;1354645029000;db1a73cb-bf0e-4663-8e9e-9899227f9e19
13.118392266333103;52.39289157092571;50.0;gps;1354645030000;db1a73cb-bf0e-4663-8e9e-9899227f9e19
13.118243655189872;52.392963990569115;50.0;gps;1354645031000;db1a73cb-bf0e-4663-8e9e-9899227f9e19
13.118449933826923;52.393069309182465;50.0;gps;1354645032000;db1a73cb-bf0e-4663-8e9e-9899227f9e19
13.1186877284199;52.39315467886627;50.0;gps;1354645033000;db1a73cb-bf0e-4663-8e9e-9899227f9e19
13.118641125038266;52.39312659949064;50.0;gps;1354645034000;db1a73cb-bf0e-4663-8e9e-9899227f9e19
13.118415232747793;52.39317043684423;50.0;gps;1354645035000;db1a73cb-bf0e-4663-8e9e-9899227f9e19
13.118551606312394;52.393130203709006;50.0;gps;1354645036000;db1a73cb-bf0e-4663-8e9e-9899227f9e19
13.118617488071322;52.3931502783671;50.0;gps;1354645037000;db1a73cb-bf0e-4663-8e9e-9899227f9e19
13.118444150313735;52.39318611100316;50.0;gps;1354645038000;db1a73cb-bf0e-4663-8e9e-9899227f9e19
13.11848253943026;52.39314369857311;50.0;gps;1354645039000;db1a73cb-bf0e-4663-8e9e-9899227f9e19
13.11799286864698;52.39306775853038;50.0;gps;1354645040000;db1a73cb-bf0e-4663-8e9e-9899227f9e19
13.118405090644956;52.393241515383124;50.0;gps;1354645041000;db1a73cb-bf0e-4663-8e9e-9899227f9e19
13.118227729573846;52.39319331943989;50.0;gps;1354645042000;db1a73cb-bf0e-4663-8e9e-9899227f9e19
13.118137372657657;52.39312882069498;50.0;gps;1354645043000;db1a73cb-bf0e-4663-8e9e-9899227f9e19
13.118544900789857;52.39324872381985;50.0;gps;1354645044000;db1a73cb-bf0e-4663-8e9e-9899227f9e19
13.118477258831263;52.39335383288562;50.0;gps;1354645045000;db1a73cb-bf0e-4663-8e9e-9899227f9e19
13.118482287973166;52.39335768856108;50.0;gps;1354645046000;db1a73cb-bf0e-4663-8e9e-9899227f9e19
13.118635509163141;52.39328778348863;50.0;gps;1354645047000;db1a73cb-bf0e-4663-8e9e-9899227f9e19
13.11872343532741;52.39330907352269;50.0;gps;1354645048000;db1a73cb-bf0e-4663-8e9e-9899227f9e19
13.118605250492692;52.39325199276209;50.0;gps;1354645049000;db1a73cb-bf0e-4663-8e9e-9899227f9e19
13.118544146418571;52.39333011209965;50.0;gps;1354645050000;db1a73cb-bf0e-4663-8e9e-9899227f9e19
13.118370892480016;52.39328971132636;50.0;gps;1354645051000;db1a73cb-bf0e-4663-8e9e-9899227f9e19
13.118261843919754;52.39329578820616;50.0;gps;1354645052000;db1a73cb-bf0e-4663-8e9e-9899227f9e19
13.11844632960856;52.39328661002219;50.0;gps;1354645053000;db1a73cb-bf0e-4663-8e9e-9899227f9e19
13.118524448946118;52.39324449095875;50.0;gps;1354645054000;db1a73cb-bf0e-4663-8e9e-9899227f9e19
13.118517072871327;52.39322676323354;50.0;gps;1354645055000;db1a73cb-bf0e-4663-8e9e-9899227f9e19
13.118536099791527;52.393349977210164;50.0;gps;1354645056000;db1a73cb-bf0e-4663-8e9e-9899227f9e19
13.11826067045331;52.39338207989931;50.0;gps;1354645057000;db1a73cb-bf0e-4663-8e9e-9899227f9e19
13.118090182542801;52.39341347012669;50.0;gps;1354645058000;db1a73cb-bf0e-4663-8e9e-9899227f9e19
13.11829931102693;52.3934291023761;50.0;gps;1354645059000;db1a73cb-bf0e-4663-8e9e-9899227f9e19
13.118179617449641;52.39337692502886;50.0;gps;1354645060000;db1a73cb-bf0e-4663-8e9e-9899227f9e19
13.118016421794891;52.39331959281117;50.0;gps;1354645061000;db1a73cb-bf0e-4663-8e9e-9899227f9e19
13.11813804320991;52.393403495661914;50.0;gps;1354645062000;db1a73cb-bf0e-4663-8e9e-9899227f9e19
13.118474744260311;52.39347578957677;50.0;gps;1354645063000;db1a73cb-bf0e-4663-8e9e-9899227f9e19
13.118116250261664;52.39336330443621;50.0;gps;1354645064000;db1a73cb-bf0e-4663-8e9e-9899227f9e19
13.11806914396584;52.39336234051734;50.0;gps;1354645065000;db1a73cb-bf0e-4663-8e9e-9899227f9e19
13.118110885843635;52.39341317676008;50.0;gps;1354645066000;db1a73cb-bf0e-4663-8e9e-9899227f9e19
13.118393523618579;52.39343065302819;50.0;gps;1354645067000;db1a73cb-bf0e-4663-8e9e-9899227f9e19
13.118413556367159;52.39345303270966;50.0;gps;1354645068000;db1a73cb-bf0e-4663-8e9e-9899227f9e19
13.118188586086035;52.39346221089363;50.0;gps;1354645069000;db1a73cb-bf0e-4663-8e9e-9899227f9e19
13.118379525840282;52.39350349176675;50.0;gps;1354645070000;db1a73cb-bf0e-4663-8e9e-9899227f9e19
13.11857046559453;52.39362720865756;50.0;gps;1354645071000;db1a73cb-bf0e-4663-8e9e-9899227f9e19
13.118516821414232;52.393640954978764;50.0;gps;1354645072000;db1a73cb-bf0e-4663-8e9e-9899227f9e19
13.118261760100722;52.393614635802805;50.0;gps;1354645073000;db1a73cb-bf0e-4663-8e9e-9899227f9e19
13.118229741230607;52.39360516425222;50.0;gps;1354645074000;db1a73cb-bf0e-4663-8e9e-9899227f9e19
13.118128571659327;52.39352432079613;50.0;gps;1354645075000;db1a73cb-bf0e-4663-8e9e-9899227f9e19
13.1181903462857;52.39341099746525;50.0;gps;1354645076000;db1a73cb-bf0e-4663-8e9e-9899227f9e19
13.118266118690372;52.393372021615505;50.0;gps;1354645077000;db1a73cb-bf0e-4663-8e9e-9899227f9e19
13.118061516433954;52.39338702522218;50.0;gps;1354645078000;db1a73cb-bf0e-4663-8e9e-9899227f9e19
13.11803000047803;52.39338777959347;50.0;gps;1354645079000;db1a73cb-bf0e-4663-8e9e-9899227f9e19
13.1180539727211;52.393419379368424;50.0;gps;1354645080000;db1a73cb-bf0e-4663-8e9e-9899227f9e19
13.118059169501066;52.39343635272235;50.0;gps;1354645081000;db1a73cb-bf0e-4663-8e9e-9899227f9e19
13.118101665750146;52.393367872573435;50.0;gps;1354645082000;db1a73cb-bf0e-4663-8e9e-9899227f9e19
13.118155561387539;52.393367076292634;50.0;gps;1354645083000;db1a73cb-bf0e-4663-8e9e-9899227f9e19
13.118247678503394;52.39340831525624;50.0;gps;1354645084000;db1a73cb-bf0e-4663-8e9e-9899227f9e19
13.118121111765504;52.39341975655407;50.0;gps;1354645085000;db1a73cb-bf0e-4663-8e9e-9899227f9e19
13.118256563320756;52.39345940295607;50.0;gps;1354645086000;db1a73cb-bf0e-4663-8e9e-9899227f9e19
13.11808473430574;52.39330790005624;50.0;gps;1354645087000;db1a73cb-bf0e-4663-8e9e-9899227f9e19
13.118046931922436;52.393272570334375;50.0;gps;1354645088000;db1a73cb-bf0e-4663-8e9e-9899227f9e19
13.117991108447313;52.39326938521117;50.0;gps;1354645089000;db1a73cb-bf0e-4663-8e9e-9899227f9e19
13.11826360411942;52.39345890004188;50.0;gps;1354645090000;db1a73cb-bf0e-4663-8e9e-9899227f9e19
13.11810183338821;52.393430401571095;50.0;gps;1354645091000;db1a73cb-bf0e-4663-8e9e-9899227f9e19
13.118102168664336;52.39339188672602;50.0;gps;1354645092000;db1a73cb-bf0e-4663-8e9e-9899227f9e19
13.118054140359163;52.3933696327731;50.0;gps;1354645093000;db1a73cb-bf0e-4663-8e9e-9899227f9e19
13.118102420121431;52.393446578644216;50.0;gps;1354645094000;db1a73cb-bf0e-4663-8e9e-9899227f9e19
13.118340633809566;52.3935226444155;50.0;gps;1354645095000;db1a73cb-bf0e-4663-8e9e-9899227f9e19
13.118124548345804;52.39346103742719;50.0;gps;1354645096000;db1a73cb-bf0e-4663-8e9e-9899227f9e19
13.11779455281794;52.393273366615176;50.0;gps;1354645097000;db1a73cb-bf0e-4663-8e9e-9899227f9e19
13.117987839505076;52.39328447263688;50.0;gps;1354645098000;db1a73cb-bf0e-4663-8e9e-9899227f9e19
13.117801928892732;52.3933196766302;50.0;gps;1354645099000;db1a73cb-bf0e-4663-8e9e-9899227f9e19
13.1176015175879;52.39338128361851;50.0;gps;1354645100000;db1a73cb-bf0e-4663-8e9e-9899227f9e19
13.117668069899082;52.39333979319781;50.0;gps;1354645101000;db1a73cb-bf0e-4663-8e9e-9899227f9e19
13.11750227585435;52.39322550594807;50.0;gps;1354645102000;db1a73cb-bf0e-4663-8e9e-9899227f9e19
13.117522895336151;52.39325002301484;50.0;gps;1354645103000;db1a73cb-bf0e-4663-8e9e-9899227f9e19
13.117635296657681;52.39331787452102;50.0;gps;1354645104000;db1a73cb-bf0e-4663-8e9e-9899227f9e19
13.117559440433979;52.39334033802152;50.0;gps;1354645105000;db1a73cb-bf0e-4663-8e9e-9899227f9e19
13.117546616122127;52.393285813741386;50.0;gps;1354645106000;db1a73cb-bf0e-4663-8e9e-9899227f9e19
13.11785850673914;52.39334788173437;50.0;gps;1354645107000;db1a73cb-bf0e-4663-8e9e-9899227f9e19
13.11783168464899;52.39343287423253;50.0;gps;1354645108000;db1a73cb-bf0e-4663-8e9e-9899227f9e19
13.117903266102076;52.393354712985456;50.0;gps;1354645109000;db1a73cb-bf0e-4663-8e9e-9899227f9e19
13.11777007766068;52.3933577304706;50.0;gps;1354645110000;db1a73cb-bf0e-4663-8e9e-9899227f9e19
13.117710817605257;52.393455379642546;50.0;gps;1354645111000;db1a73cb-bf0e-4663-8e9e-9899227f9e19
13.117553321644664;52.3933773022145;50.0;gps;1354645112000;db1a73cb-bf0e-4663-8e9e-9899227f9e19
13.117542928084731;52.3934024060145;50.0;gps;1354645113000;db1a73cb-bf0e-4663-8e9e-9899227f9e19
13.11752775683999;52.393347043544054;50.0;gps;1354645114000;db1a73cb-bf0e-4663-8e9e-9899227f9e19
13.117455840110779;52.393312216736376;50.0;gps;1354645115000;db1a73cb-bf0e-4663-8e9e-9899227f9e19
13.117395071312785;52.39331959281117;50.0;gps;1354645116000;db1a73cb-bf0e-4663-8e9e-9899227f9e19
13.11747788451612;52.393363723531365;50.0;gps;1354645117000;db1a73cb-bf0e-4663-8e9e-9899227f9e19
13.11761325225234;52.393476837314665;50.0;gps;1354645118000;db1a73cb-bf0e-4663-8e9e-9899227f9e19
13.117731856182218;52.39344712346792;50.0;gps;1354645119000;db1a73cb-bf0e-4663-8e9e-9899227f9e19
13.117922628298402;52.39351279567927;50.0;gps;1354645120000;db1a73cb-bf0e-4663-8e9e-9899227f9e19
13.11781408265233;52.393463593907654;50.0;gps;1354645121000;db1a73cb-bf0e-4663-8e9e-9899227f9e19
13.118015583604574;52.39340948872268;50.0;gps;1354645122000;db1a73cb-bf0e-4663-8e9e-9899227f9e19
13.117985324934125;52.39341020118445;50.0;gps;1354645123000;db1a73cb-bf0e-4663-8e9e-9899227f9e19
13.118134941905737;52.39334846846759;50.0;gps;1354645124000;db1a73cb-bf0e-4663-8e9e-9899227f9e19
13.1181282363832;52.39325471688062;50.0;gps;1354645125000;db1a73cb-bf0e-4663-8e9e-9899227f9e19
13.117793798446655;52.393097430467606;50.0;gps;1354645126000;db1a73cb-bf0e-4663-8e9e-9899227f9e19
13.117602691054344;52.393071320839226;50.0;gps;1354645127000;db1a73cb-bf0e-4663-8e9e-9899227f9e19
13.117745434865355;52.39318229723722;50.0;gps;1354645128000;db1a73cb-bf0e-4663-8e9e-9899227f9e19
13.117732778191566;52.39321699831635;50.0;gps;1354645129000;db1a73cb-bf0e-4663-8e9e-9899227f9e19
13.11757167801261;52.39315467886627;50.0;gps;1354645130000;db1a73cb-bf0e-4663-8e9e-9899227f9e19
13.11777108348906;52.39311779849231;50.0;gps;1354645131000;db1a73cb-bf0e-4663-8e9e-9899227f9e19
13.117757504805923;52.39312320481986;50.0;gps;1354645132000;db1a73cb-bf0e-4663-8e9e-9899227f9e19
13.117525493726134;52.3932118434459;50.0;gps;1354645133000;db1a73cb-bf0e-4663-8e9e-9899227f9e19
13.117661783471704;52.39317249041051;50.0;gps;1354645134000;db1a73cb-bf0e-4663-8e9e-9899227f9e19
13.117824057117105;52.39314755424857;50.0;gps;1354645135000;db1a73cb-bf0e-4663-8e9e-9899227f9e19
13.117777956649661;52.393070734106004;50.0;gps;1354645136000;db1a73cb-bf0e-4663-8e9e-9899227f9e19
13.117881556972861;52.39309164695442;50.0;gps;1354645137000;db1a73cb-bf0e-4663-8e9e-9899227f9e19
13.118084818124771;52.39325107075274;50.0;gps;1354645138000;db1a73cb-bf0e-4663-8e9e-9899227f9e19
13.118018684908748;52.39326976239681;50.0;gps;1354645139000;db1a73cb-bf0e-4663-8e9e-9899227f9e19
13.118176264688373;52.39332068245858;50.0;gps;1354645140000;db1a73cb-bf0e-4663-8e9e-9899227f9e19
13.118275003507733;52.39342042710632;50.0;gps;1354645141000;db1a73cb-bf0e-4663-8e9e-9899227f9e19
13.117717020213604;52.39314952399582;50.0;gps;1354645142000;db1a73cb-bf0e-4663-8e9e-9899227f9e19
13.117839647457004;52.39312102552503;50.0;gps;1354645143000;db1a73cb-bf0e-4663-8e9e-9899227f9e19
13.117975853383541;52.39307341631502;50.0;gps;1354645144000;db1a73cb-bf0e-4663-8e9e-9899227f9e19
13.118017511442304;52.39311369135976;50.0;gps;1354645145000;db1a73cb-bf0e-4663-8e9e-9899227f9e19
13.117956323549151;52.39306310657412;50.0;gps;1354645146000;db1a73cb-bf0e-4663-8e9e-9899227f9e19
13.117887172847986;52.39302576519549;50.0;gps;1354645147000;db1a73cb-bf0e-4663-8e9e-9899227f9e19
13.117899913340807;52.39297538995743;50.0;gps;1354645148000;db1a73cb-bf0e-4663-8e9e-9899227f9e19
13.118130750954151;52.39310509990901;50.0;gps;1354645149000;db1a73cb-bf0e-4663-8e9e-9899227f9e19
13.117927657440305;52.393105519004166;50.0;gps;1354645150000;db1a73cb-bf0e-4663-8e9e-9899227f9e19
13.118114657700062;52.393163898959756;50.0;gps;1354645151000;db1a73cb-bf0e-4663-8e9e-9899227f9e19
13.118334515020251;52.393173831515014;50.0;gps;1354645152000;db1a73cb-bf0e-4663-8e9e-9899227f9e19
13.11832613311708;52.393094287253916;50.0;gps;1354645153000;db1a73cb-bf0e-4663-8e9e-9899227f9e19
13.118357565253973;52.39314030390233;50.0;gps;1354645154000;db1a73cb-bf0e-4663-8e9e-9899227f9e19
13.118355637416244;52.39306700415909;50.0;gps;1354645155000;db1a73cb-bf0e-4663-8e9e-9899227f9e19
13.118191855028272;52.3930683452636;50.0;gps;1354645156000;db1a73cb-bf0e-4663-8e9e-9899227f9e19
13.117841156199574;52.39295623730868;50.0;gps;1354645157000;db1a73cb-bf0e-4663-8e9e-9899227f9e19
13.117976859211922;52.3930017510429;50.0;gps;1354645158000;db1a73cb-bf0e-4663-8e9e-9899227f9e19
13.117894129827619;52.3929784912616;50.0;gps;1354645159000;db1a73cb-bf0e-4663-8e9e-9899227f9e19
13.117811819538474;52.39300246350467;50.0;gps;1354645160000;db1a73cb-bf0e-4663-8e9e-9899227f9e19
13.117773178964853;52.392942239530385;50.0;gps;1354645161000;db1a73cb-bf0e-4663-8e9e-9899227f9e19
13.11787225306034;52.39293104968965;50.0;gps;1354645162000;db1a73cb-bf0e-4663-8e9e-9899227f9e19
13.117979038506746;52.392977862618864;50.0;gps;1354645163000;db1a73cb-bf0e-4663-8e9e-9899227f9e19
13.11788784340024;52.39301637746394;50.0;gps;1354645164000;db1a73cb-bf0e-4663-8e9e-9899227f9e19
13.118204092606902;52.39312760531902;50.0;gps;1354645165000;db1a73cb-bf0e-4663-8e9e-9899227f9e19
13.118488909676671;52.393280826509;50.0;gps;1354645166000;db1a73cb-bf0e-4663-8e9e-9899227f9e19
13.118463847786188;52.39311809185892;50.0;gps;1354645167000;db1a73cb-bf0e-4663-8e9e-9899227f9e19
13.118482204154134;52.393033099360764;50.0;gps;1354645168000;db1a73cb-bf0e-4663-8e9e-9899227f9e19
13.118554120883346;52.392951836809516;50.0;gps;1354645169000;db1a73cb-bf0e-4663-8e9e-9899227f9e19
13.118476588279009;52.39304055925459;50.0;gps;1354645170000;db1a73cb-bf0e-4663-8e9e-9899227f9e19
13.118016002699733;52.39303993061185;50.0;gps;1354645171000;db1a73cb-bf0e-4663-8e9e-9899227f9e19
13.118207193911076;52.393010845407844;50.0;gps;1354645172000;db1a73cb-bf0e-4663-8e9e-9899227f9e19
13.118209624662995;52.392994249239564;50.0;gps;1354645173000;db1a73cb-bf0e-4663-8e9e-9899227f9e19
13.118278691545129;52.39296562504023;50.0;gps;1354645174000;db1a73cb-bf0e-4663-8e9e-9899227f9e19
13.118211384862661;52.392968935891986;50.0;gps;1354645175000;db1a73cb-bf0e-4663-8e9e-9899227f9e19
13.118076520040631;52.39296855870634;50.0;gps;1354645176000;db1a73cb-bf0e-4663-8e9e-9899227f9e19
13.11818246729672;52.392915836535394;50.0;gps;1354645177000;db1a73cb-bf0e-4663-8e9e-9899227f9e19
13.118327893316746;52.39297861699015;50.0;gps;1354645178000;db1a73cb-bf0e-4663-8e9e-9899227f9e19
13.11822647228837;52.39290062338114;50.0;gps;1354645179000;db1a73cb-bf0e-4663-8e9e-9899227f9e19
13.117817603051662;52.39289006218314;50.0;gps;1354645180000;db1a73cb-bf0e-4663-8e9e-9899227f9e19
13.118063863366842;52.3929111007601;50.0;gps;1354645181000;db1a73cb-bf0e-4663-8e9e-9899227f9e19
13.11796847730875;52.39287945907563;50.0;gps;1354645182000;db1a73cb-bf0e-4663-8e9e-9899227f9e19
13.11840333044529;52.39285707939416;50.0;gps;1354645183000;db1a73cb-bf0e-4663-8e9e-9899227f9e19
13.118355302140117;52.392853810451925;50.0;gps;1354645184000;db1a73cb-bf0e-4663-8e9e-9899227f9e19
13.118419423699379;52.39288503304124;50.0;gps;1354645185000;db1a73cb-bf0e-4663-8e9e-9899227f9e19
13.118382208049297;52.39286374300718;50.0;gps;1354645186000;db1a73cb-bf0e-4663-8e9e-9899227f9e19
13.118495615199208;52.39289320539683;50.0;gps;1354645187000;db1a73cb-bf0e-4663-8e9e-9899227f9e19
13.118598964065313;52.39292329642922;50.0;gps;1354645188000;db1a73cb-bf0e-4663-8e9e-9899227f9e19
13.118701474741101;52.39288151264191;50.0;gps;1354645189000;db1a73cb-bf0e-4663-8e9e-9899227f9e19
13.118583038449287;52.39274178631604;50.0;gps;1354645190000;db1a73cb-bf0e-4663-8e9e-9899227f9e19
13.118496788665652;52.392600886523724;50.0;gps;1354645191000;db1a73cb-bf0e-4663-8e9e-9899227f9e19
13.118423279374838;52.39272334612906;50.0;gps;1354645192000;db1a73cb-bf0e-4663-8e9e-9899227f9e19
13.118552528321743;52.39283981267363;50.0;gps;1354645193000;db1a73cb-bf0e-4663-8e9e-9899227f9e19
13.118356810882688;52.3927530599758;50.0;gps;1354645194000;db1a73cb-bf0e-4663-8e9e-9899227f9e19
13.118425458669662;52.39267447963357;50.0;gps;1354645195000;db1a73cb-bf0e-4663-8e9e-9899227f9e19
13.118516150861979;52.39261471666396;50.0;gps;1354645196000;db1a73cb-bf0e-4663-8e9e-9899227f9e19
13.118495531380177;52.39252251572907;50.0;gps;1354645197000;db1a73cb-bf0e-4663-8e9e-9899227f9e19
13.118562418967485;52.39260302390903;50.0;gps;1354645198000;db1a73cb-bf0e-4663-8e9e-9899227f9e19
13.118504583835602;52.392608220689;50.0;gps;1354645199000;db1a73cb-bf0e-4663-8e9e-9899227f9e19
13.118580859154463;52.39261903334409;50.0;gps;1354645200000;db1a73cb-bf0e-4663-8e9e-9899227f9e19
13.118601143360138;52.39268470555544;50.0;gps;1354645201000;db1a73cb-bf0e-4663-8e9e-9899227f9e19
13.11857339926064;52.39259749185294;50.0;gps;1354645202000;db1a73cb-bf0e-4663-8e9e-9899227f9e19
13.118583709001541;52.39240956958383;50.0;gps;1354645203000;db1a73cb-bf0e-4663-8e9e-9899227f9e19
13.118588905781507;52.392466105520725;50.0;gps;1354645204000;db1a73cb-bf0e-4663-8e9e-9899227f9e19
13.11856895685196;52.39251857623458;50.0;gps;1354645205000;db1a73cb-bf0e-4663-8e9e-9899227f9e19
13.118491424247622;52.39250420127064;50.0;gps;1354645206000;db1a73cb-bf0e-4663-8e9e-9899227f9e19
13.118575913831592;52.392503656446934;50.0;gps;1354645207000;db1a73cb-bf0e-4663-8e9e-9899227f9e19
13.11870239675045;52.3924250761047;50.0;gps;1354645208000;db1a73cb-bf0e-4663-8e9e-9899227f9e19
13.11859879642725;52.392577794380486;50.0;gps;1354645209000;db1a73cb-bf0e-4663-8e9e-9899227f9e19
13.118725698441267;52.39265080075711;50.0;gps;1354645210000;db1a73cb-bf0e-4663-8e9e-9899227f9e19
13.118525706231594;52.392633659765124;50.0;gps;1354645211000;db1a73cb-bf0e-4663-8e9e-9899227f9e19
13.118469044566154;52.39246618933976;50.0;gps;1354645212000;db1a73cb-bf0e-4663-8e9e-9899227f9e19
13.118504751473665;52.392452149651945;50.0;gps;1354645213000;db1a73cb-bf0e-4663-8e9e-9899227f9e19
13.118415484204888;52.39258592482656;50.0;gps;1354645214000;db1a73cb-bf0e-4663-8e9e-9899227f9e19
13.118387572467327;52.3924707993865;50.0;gps;1354645215000;db1a73cb-bf0e-4663-8e9e-9899227f9e19
13.11833493411541;52.392521970905364;50.0;gps;1354645216000;db1a73cb-bf0e-4663-8e9e-9899227f9e19
13.118251450359821;52.39252557512373;50.0;gps;1354645217000;db1a73cb-bf0e-4663-8e9e-9899227f9e19
13.118315236642957;52.392631438560784;50.0;gps;1354645218000;db1a73cb-bf0e-4663-8e9e-9899227f9e19
13.118221694603562;52.392644975334406;50.0;gps;1354645219000;db1a73cb-bf0e-4663-8e9e-9899227f9e19
13.118038885295391;52.39261379465461;50.0;gps;1354645220000;db1a73cb-bf0e-4663-8e9e-9899227f9e19
13.118153465911746;52.3925743997097;50.0;gps;1354645221000;db1a73cb-bf0e-4663-8e9e-9899227f9e19
13.118293695151806;52.392662493512034;50.0;gps;1354645222000;db1a73cb-bf0e-4663-8e9e-9899227f9e19
13.118285229429603;52.39263764116913;50.0;gps;1354645223000;db1a73cb-bf0e-4663-8e9e-9899227f9e19
13.118331916630268;52.39267703611404;50.0;gps;1354645224000;db1a73cb-bf0e-4663-8e9e-9899227f9e19
13.11842973344028;52.39274966530502;50.0;gps;1354645225000;db1a73cb-bf0e-4663-8e9e-9899227f9e19
13.118178779259324;52.39265335723758;50.0;gps;1354645226000;db1a73cb-bf0e-4663-8e9e-9899227f9e19
13.11811021529138;52.3925910377875;50.0;gps;1354645227000;db1a73cb-bf0e-4663-8e9e-9899227f9e19
13.117993455380201;52.39262309856713;50.0;gps;1354645228000;db1a73cb-bf0e-4663-8e9e-9899227f9e19
13.117869570851326;52.39266911521554;50.0;gps;1354645229000;db1a73cb-bf0e-4663-8e9e-9899227f9e19
13.118054810911417;52.39268051460385;50.0;gps;1354645230000;db1a73cb-bf0e-4663-8e9e-9899227f9e19
13.118064366281033;52.392630097456276;50.0;gps;1354645231000;db1a73cb-bf0e-4663-8e9e-9899227f9e19
13.117970656603575;52.392647867091;50.0;gps;1354645232000;db1a73cb-bf0e-4663-8e9e-9899227f9e19
13.117821123450994;52.39272435195744;50.0;gps;1354645233000;db1a73cb-bf0e-4663-8e9e-9899227f9e19
13.117845933884382;52.39272091537714;50.0;gps;1354645234000;db1a73cb-bf0e-4663-8e9e-9899227f9e19
13.11780234798789;52.39270532503724;50.0;gps;1354645235000;db1a73cb-bf0e-4663-8e9e-9899227f9e19
13.117750464007258;52.39265679381788;50.0;gps;1354645236000;db1a73cb-bf0e-4663-8e9e-9899227f9e19
13.11785213649273;52.39257230423391;50.0;gps;1354645237000;db1a73cb-bf0e-4663-8e9e-9899227f9e19
13.118114992976189;52.3925442667678;50.0;gps;1354645238000;db1a73cb-bf0e-4663-8e9e-9899227f9e19
13.117860434576869;52.392596108838916;50.0;gps;1354645239000;db1a73cb-bf0e-4663-8e9e-9899227f9e19
13.118039639666677;52.39251442719251;50.0;gps;1354645240000;db1a73cb-bf0e-4663-8e9e-9899227f9e19
13.1178018450737;52.39263319876045;50.0;gps;1354645241000;db1a73cb-bf0e-4663-8e9e-9899227f9e19
13.117939559742808;52.39260859787464;50.0;gps;1354645242000;db1a73cb-bf0e-4663-8e9e-9899227f9e19
13.117743423208594;52.392622930929065;50.0;gps;1354645243000;db1a73cb-bf0e-4663-8e9e-9899227f9e19
13.118103425949812;52.392613124102354;50.0;gps;1354645244000;db1a73cb-bf0e-4663-8e9e-9899227f9e19
13.1180764362216;52.39271785598248;50.0;gps;1354645245000;db1a73cb-bf0e-4663-8e9e-9899227f9e19
13.118106694892049;52.3926954343915;50.0;gps;1354645246000;db1a73cb-bf0e-4663-8e9e-9899227f9e19
13.118272321298718;52.39282631780952;50.0;gps;1354645247000;db1a73cb-bf0e-4663-8e9e-9899227f9e19
13.117951629683375;52.39269220735878;50.0;gps;1354645248000;db1a73cb-bf0e-4663-8e9e-9899227f9e19
13.117860769852996;52.392623727209866;50.0;gps;1354645249000;db1a73cb-bf0e-4663-8e9e-9899227f9e19
13.117682486772537;52.39268864504993;50.0;gps;1354645250000;db1a73cb-bf0e-4663-8e9e-9899227f9e19
13.11806377954781;52.39282170776278;50.0;gps;1354645251000;db1a73cb-bf0e-4663-8e9e-9899227f9e19
13.118047434836626;52.39284073468298;50.0;gps;1354645252000;db1a73cb-bf0e-4663-8e9e-9899227f9e19
13.118127901107073;52.392770242877305;50.0;gps;1354645253000;db1a73cb-bf0e-4663-8e9e-9899227f9e19
13.118140138685703;52.392683532088995;50.0;gps;1354645254000;db1a73cb-bf0e-4663-8e9e-9899227f9e19
13.118291180580854;52.392756287008524;50.0;gps;1354645255000;db1a73cb-bf0e-4663-8e9e-9899227f9e19
13.118228735402226;52.39268994424492;50.0;gps;1354645256000;db1a73cb-bf0e-4663-8e9e-9899227f9e19
13.118006950244308;52.392746270634234;50.0;gps;1354645257000;db1a73cb-bf0e-4663-8e9e-9899227f9e19
13.118173498660326;52.392874849028885;50.0;gps;1354645258000;db1a73cb-bf0e-4663-8e9e-9899227f9e19
13.118133936077356;52.39289131946862;50.0;gps;1354645259000;db1a73cb-bf0e-4663-8e9e-9899227f9e19
13.11803393997252;52.39287422038615;50.0;gps;1354645260000;db1a73cb-bf0e-4663-8e9e-9899227f9e19
13.118187161162496;52.39296294283122;50.0;gps;1354645261000;db1a73cb-bf0e-4663-8e9e-9899227f9e19
13.11845127493143;52.39297019317746;50.0;gps;1354645262000;db1a73cb-bf0e-4663-8e9e-9899227f9e19
13.118332922458649;52.392876483500004;50.0;gps;1354645263000;db1a73cb-bf0e-4663-8e9e-9899227f9e19
13.118060175329447;52.39286713767797;50.0;gps;1354645264000;db1a73cb-bf0e-4663-8e9e-9899227f9e19
13.117950120940804;52.39280016627163;50.0;gps;1354645265000;db1a73cb-bf0e-4663-8e9e-9899227f9e19
13.117945762351155;52.392797148786485;50.0;gps;1354645266000;db1a73cb-bf0e-4663-8e9e-9899227f9e19
13.117873426526785;52.39287174772471;50.0;gps;1354645267000;db1a73cb-bf0e-4663-8e9e-9899227f9e19
13.117847694084048;52.39284588955343;50.0;gps;1354645268000;db1a73cb-bf0e-4663-8e9e-9899227f9e19
13.117631189525127;52.39275406580418;50.0;gps;1354645269000;db1a73cb-bf0e-4663-8e9e-9899227f9e19
13.117738561704755;52.39280557259917;50.0;gps;1354645270000;db1a73cb-bf0e-4663-8e9e-9899227f9e19
13.117435975000262;52.39281483460218;50.0;gps;1354645271000;db1a73cb-bf0e-4663-8e9e-9899227f9e19
13.117438070476055;52.392884865403175;50.0;gps;1354645272000;db1a73cb-bf0e-4663-8e9e-9899227f9e19
13.117515854537487;52.39278901834041;50.0;gps;1354645273000;db1a73cb-bf0e-4663-8e9e-9899227f9e19
13.11759858392179;52.392737260088325;50.0;gps;1354645274000;db1a73cb-bf0e-4663-8e9e-9899227f9e19
13.117647701874375;52.392788054421544;50.0;gps;1354645275000;db1a73cb-bf0e-4663-8e9e-9899227f9e19
13.117555500939488;52.39268780685961;50.0;gps;1354645276000;db1a73cb-bf0e-4663-8e9e-9899227f9e19
13.117537898942828;52.39279752597213;50.0;gps;1354645277000;db1a73cb-bf0e-4663-8e9e-9899227f9e19
13.117255428805947;52.392838429659605;50.0;gps;1354645278000;db1a73cb-bf0e-4663-8e9e-9899227f9e19
13.116998942568898;52.39286307245493;50.0;gps;1354645279000;db1a73cb-bf0e-4663-8e9e-9899227f9e19
13.117296164855361;52.3928341967985;50.0;gps;1354645280000;db1a73cb-bf0e-4663-8e9e-9899227f9e19
13.117074631154537;52.39284249488264;50.0;gps;1354645281000;db1a73cb-bf0e-4663-8e9e-9899227f9e19
13.117132214829326;52.39286177325994;50.0;gps;1354645282000;db1a73cb-bf0e-4663-8e9e-9899227f9e19
13.116983100771904;52.39280033390969;50.0;gps;1354645283000;db1a73cb-bf0e-4663-8e9e-9899227f9e19
13.11704638414085;52.392675946466625;50.0;gps;1354645284000;db1a73cb-bf0e-4663-8e9e-9899227f9e19
13.117288202047348;52.3926721746102;50.0;gps;1354645285000;db1a73cb-bf0e-4663-8e9e-9899227f9e19
13.11710949987173;52.392646106891334;50.0;gps;1354645286000;db1a73cb-bf0e-4663-8e9e-9899227f9e19
13.11702635139227;52.39280268084258;50.0;gps;1354645287000;db1a73cb-bf0e-4663-8e9e-9899227f9e19
13.11690959148109;52.39281709771603;50.0;gps;1354645288000;db1a73cb-bf0e-4663-8e9e-9899227f9e19
13.116996260359883;52.392790568992496;50.0;gps;1354645289000;db1a73cb-bf0e-4663-8e9e-9899227f9e19
13.117167502641678;52.39279140718281;50.0;gps;1354645290000;db1a73cb-bf0e-4663-8e9e-9899227f9e19
13.117348300293088;52.392795137129724;50.0;gps;1354645291000;db1a73cb-bf0e-4663-8e9e-9899227f9e19
13.117373613640666;52.39274719264358;50.0;gps;1354645292000;db1a73cb-bf0e-4663-8e9e-9899227f9e19
13.117398340255022;52.39270117599517;50.0;gps;1354645293000;db1a73cb-bf0e-4663-8e9e-9899227f9e19
13.117254925891757;52.392646609805524;50.0;gps;1354645294000;db1a73cb-bf0e-4663-8e9e-9899227f9e19
13.117333883419633;52.39278235472739;50.0;gps;1354645295000;db1a73cb-bf0e-4663-8e9e-9899227f9e19
13.117393059656024;52.39272569306195;50.0;gps;1354645296000;db1a73cb-bf0e-4663-8e9e-9899227f9e19
13.117277221754193;52.39264334086329;50.0;gps;1354645297000;db1a73cb-bf0e-4663-8e9e-9899227f9e19
13.11737135052681;52.39270515739918;50.0;gps;1354645298000;db1a73cb-bf0e-4663-8e9e-9899227f9e19
13.117324830964208;52.392699709162116;50.0;gps;1354645299000;db1a73cb-bf0e-4663-8e9e-9899227f9e19
13.117543514817953;52.39274916239083;50.0;gps;1354645300000;db1a73cb-bf0e-4663-8e9e-9899227f9e19
13.117388281971216;52.39275037776679;50.0;gps;1354645301000;db1a73cb-bf0e-4663-8e9e-9899227f9e19
13.117325501516461;52.39269937388599;50.0;gps;1354645302000;db1a73cb-bf0e-4663-8e9e-9899227f9e19
13.117243945598602;52.392675653100014;50.0;gps;1354645303000;db1a73cb-bf0e-4663-8e9e-9899227f9e19
13.117345869541168;52.392711150459945;50.0;gps;1354645304000;db1a73cb-bf0e-4663-8e9e-9899227f9e19
13.117195330560207;52.39270423538983;50.0;gps;1354645305000;db1a73cb-bf0e-4663-8e9e-9899227f9e19
13.11728443019092;52.392710144631565;50.0;gps;1354645306000;db1a73cb-bf0e-4663-8e9e-9899227f9e19
13.117210334166884;52.39274228923023;50.0;gps;1354645307000;db1a73cb-bf0e-4663-8e9e-9899227f9e19
13.117297254502773;52.39280347712338;50.0;gps;1354645308000;db1a73cb-bf0e-4663-8e9e-9899227f9e19
13.117124335840344;52.39277598448098;50.0;gps;1354645309000;db1a73cb-bf0e-4663-8e9e-9899227f9e19
13.117231708019972;52.392763369716704;50.0;gps;1354645310000;db1a73cb-bf0e-4663-8e9e-9899227f9e19
13.116853851824999;52.39275255706161;50.0;gps;1354645311000;db1a73cb-bf0e-4663-8e9e-9899227f9e19
13.1168641615659;52.39280314184725;50.0;gps;1354645312000;db1a73cb-bf0e-4663-8e9e-9899227f9e19
13.116832813248038;52.39282552152872;50.0;gps;1354645313000;db1a73cb-bf0e-4663-8e9e-9899227f9e19
13.11690816655755;52.39269522484392;50.0;gps;1354645314000;db1a73cb-bf0e-4663-8e9e-9899227f9e19
13.116966923698783;52.39260323345661;50.0;gps;1354645315000;db1a73cb-bf0e-4663-8e9e-9899227f9e19
13.117192480713129;52.39260193426162;50.0;gps;1354645316000;db1a73cb-bf0e-4663-8e9e-9899227f9e19
13.11717102304101;52.39259573165327;50.0;gps;1354645317000;db1a73cb-bf0e-4663-8e9e-9899227f9e19
13.116972958669066;52.39261962007731;50.0;gps;1354645318000;db1a73cb-bf0e-4663-8e9e-9899227f9e19
13.11707329005003;52.392540075816214;50.0;gps;1354645319000;db1a73cb-bf0e-4663-8e9e-9899227f9e19
13.117121234536171;52.39258332643658;50.0;gps;1354645320000;db1a73cb-bf0e-4663-8e9e-9899227f9e19
13.117315778508782;52.39262552931905;50.0;gps;1354645321000;db1a73cb-bf0e-4663-8e9e-9899227f9e19
13.117097429931164;52.39256802946329;50.0;gps;1354645322000;db1a73cb-bf0e-4663-8e9e-9899227f9e19
13.117163982242346;52.39260486792773;50.0;gps;1354645323000;db1a73cb-bf0e-4663-8e9e-9899227f9e19
13.117059040814638;52.3924475396052;50.0;gps;1354645324000;db1a73cb-bf0e-4663-8e9e-9899227f9e19
13.117118971422315;52.39247205667198;50.0;gps;1354645325000;db1a73cb-bf0e-4663-8e9e-9899227f9e19
13.117021238431334;52.39248303696513;50.0;gps;1354645326000;db1a73cb-bf0e-4663-8e9e-9899227f9e19
13.117124838754535;52.39244883880019;50.0;gps;1354645327000;db1a73cb-bf0e-4663-8e9e-9899227f9e19
13.116974718868732;52.39234859123826;50.0;gps;1354645328000;db1a73cb-bf0e-4663-8e9e-9899227f9e19
13.116879751905799;52.39243794232607;50.0;gps;1354645329000;db1a73cb-bf0e-4663-8e9e-9899227f9e19
13.117239670827985;52.392465183511376;50.0;gps;1354645330000;db1a73cb-bf0e-4663-8e9e-9899227f9e19
13.117222152650356;52.39249745383859;50.0;gps;1354645331000;db1a73cb-bf0e-4663-8e9e-9899227f9e19
13.117145206779242;52.392488862387836;50.0;gps;1354645332000;db1a73cb-bf0e-4663-8e9e-9899227f9e19
13.117138165980577;52.39236677996814;50.0;gps;1354645333000;db1a73cb-bf0e-4663-8e9e-9899227f9e19
13.11703221872449;52.39232541527599;50.0;gps;1354645334000;db1a73cb-bf0e-4663-8e9e-9899227f9e19
13.117151409387589;52.39237256348133;50.0;gps;1354645335000;db1a73cb-bf0e-4663-8e9e-9899227f9e19
13.117218129336834;52.392377466894686;50.0;gps;1354645336000;db1a73cb-bf0e-4663-8e9e-9899227f9e19
13.117130203172565;52.39232399035245;50.0;gps;1354645337000;db1a73cb-bf0e-4663-8e9e-9899227f9e19
13.11713246628642;52.392218629829586;50.0;gps;1354645338000;db1a73cb-bf0e-4663-8e9e-9899227f9e19
13.117072200402617;52.3923301929608;50.0;gps;1354645339000;db1a73cb-bf0e-4663-8e9e-9899227f9e19
13.117044707760215;52.39236539695412;50.0;gps;1354645340000;db1a73cb-bf0e-4663-8e9e-9899227f9e19
13.117241933941841;52.39244640804827;50.0;gps;1354645341000;db1a73cb-bf0e-4663-8e9e-9899227f9e19
13.117304798215628;52.392396996729076;50.0;gps;1354645342000;db1a73cb-bf0e-4663-8e9e-9899227f9e19
13.117288369685411;52.392378682270646;50.0;gps;1354645343000;db1a73cb-bf0e-4663-8e9e-9899227f9e19
13.117199772968888;52.392408438026905;50.0;gps;1354645344000;db1a73cb-bf0e-4663-8e9e-9899227f9e19
13.11699173413217;52.39239946939051;50.0;gps;1354645345000;db1a73cb-bf0e-4663-8e9e-9899227f9e19
13.117113104090095;52.392365732230246;50.0;gps;1354645346000;db1a73cb-bf0e-4663-8e9e-9899227f9e19
13.117160880938172;52.392210834659636;50.0;gps;1354645347000;db1a73cb-bf0e-4663-8e9e-9899227f9e19
13.117232881486416;52.39214717410505;50.0;gps;1354645348000;db1a73cb-bf0e-4663-8e9e-9899227f9e19
13.117181332781911;52.39233207888901;50.0;gps;1354645349000;db1a73cb-bf0e-4663-8e9e-9899227f9e19
13.117367243394256;52.39228782244027;50.0;gps;1354645350000;db1a73cb-bf0e-4663-8e9e-9899227f9e19
13.11728149652481;52.392265987582505;50.0;gps;1354645351000;db1a73cb-bf0e-4663-8e9e-9899227f9e19
13.117242604494095;52.392271435819566;50.0;gps;1354645352000;db1a73cb-bf0e-4663-8e9e-9899227f9e19
13.11716666445136;52.39237470086664;50.0;gps;1354645353000;db1a73cb-bf0e-4663-8e9e-9899227f9e19
13.117262972518802;52.392270849086344;50.0;gps;1354645354000;db1a73cb-bf0e-4663-8e9e-9899227f9e19
13.117481153458357;52.39233534783125;50.0;gps;1354645355000;db1a73cb-bf0e-4663-8e9e-9899227f9e19
13.117402279749513;52.392295827157795;50.0;gps;1354645356000;db1a73cb-bf0e-4663-8e9e-9899227f9e19
13.117690198123455;52.39241049159318;50.0;gps;1354645357000;db1a73cb-bf0e-4663-8e9e-9899227f9e19
13.117690198123455;52.39232717547566;50.0;gps;1354645358000;db1a73cb-bf0e-4663-8e9e-9899227f9e19
13.117933524772525;52.3922974197194;50.0;gps;1354645359000;db1a73cb-bf0e-4663-8e9e-9899227f9e19
13.118030419573188;52.392318584024906;50.0;gps;1354645360000;db1a73cb-bf0e-4663-8e9e-9899227f9e19
13.117828834801912;52.39240688737482;50.0;gps;1354645361000;db1a73cb-bf0e-4663-8e9e-9899227f9e19
13.117289962247014;52.39231674000621;50.0;gps;1354645362000;db1a73cb-bf0e-4663-8e9e-9899227f9e19
13.11749984510243;52.39226653240621;50.0;gps;1354645363000;db1a73cb-bf0e-4663-8e9e-9899227f9e19
13.117641918361187;52.39227776415646;50.0;gps;1354645364000;db1a73cb-bf0e-4663-8e9e-9899227f9e19
13.117805700749159;52.3922387463972;50.0;gps;1354645365000;db1a73cb-bf0e-4663-8e9e-9899227f9e19
13.118201326578856;52.39245554432273;50.0;gps;1354645366000;db1a73cb-bf0e-4663-8e9e-9899227f9e19
13.118065539747477;52.3924855934456;50.0;gps;1354645367000;db1a73cb-bf0e-4663-8e9e-9899227f9e19
13.118030671030283;52.39249158650637;50.0;gps;1354645368000;db1a73cb-bf0e-4663-8e9e-9899227f9e19
13.11791667714715;52.39247901365161;50.0;gps;1354645369000;db1a73cb-bf0e-4663-8e9e-9899227f9e19
13.118123710155487;52.39244494121522;50.0;gps;1354645370000;db1a73cb-bf0e-4663-8e9e-9899227f9e19
13.118240805342793;52.392305633984506;50.0;gps;1354645371000;db1a73cb-bf0e-4663-8e9e-9899227f9e19
13.117962861433625;52.392278644256294;50.0;gps;1354645372000;db1a73cb-bf0e-4663-8e9e-9899227f9e19
13.117943666875362;52.39216452464461;50.0;gps;1354645373000;db1a73cb-bf0e-4663-8e9e-9899227f9e19
13.11766848899424;52.3921134788543;50.0;gps;1354645374000;db1a73cb-bf0e-4663-8e9e-9899227f9e19
13.117538318037987;52.392033683136106;50.0;gps;1354645375000;db1a73cb-bf0e-4663-8e9e-9899227f9e19
13.117675613611937;52.391983014531434;50.0;gps;1354645376000;db1a73cb-bf0e-4663-8e9e-9899227f9e19
13.11774367466569;52.392093571834266;50.0;gps;1354645377000;db1a73cb-bf0e-4663-8e9e-9899227f9e19
13.117712996900082;52.39211343694478;50.0;gps;1354645378000;db1a73cb-bf0e-4663-8e9e-9899227f9e19
13.117520548403263;52.39219310693443;50.0;gps;1354645379000;db1a73cb-bf0e-4663-8e9e-9899227f9e19
13.11750185675919;52.39222667645663;50.0;gps;1354645380000;db1a73cb-bf0e-4663-8e9e-9899227f9e19
13.117433292791247;52.39209214691073;50.0;gps;1354645381000;db1a73cb-bf0e-4663-8e9e-9899227f9e19
13.117752056568861;52.39220111165196;50.0;gps;1354645382000;db1a73cb-bf0e-4663-8e9e-9899227f9e19
13.117761192843318;52.39206742029637;50.0;gps;1354645383000;db1a73cb-bf0e-4663-8e9e-9899227f9e19
13.117872336879373;52.39209939725697;50.0;gps;1354645384000;db1a73cb-bf0e-4663-8e9e-9899227f9e19
13.117759600281715;52.392214899882674;50.0;gps;1354645385000;db1a73cb-bf0e-4663-8e9e-9899227f9e19
13.117672596126795;52.39217416383326;50.0;gps;1354645386000;db1a73cb-bf0e-4663-8e9e-9899227f9e19
13.11774074099958;52.392200022004545;50.0;gps;1354645387000;db1a73cb-bf0e-4663-8e9e-9899227f9e19
13.117708889767528;52.39217043388635;50.0;gps;1354645388000;db1a73cb-bf0e-4663-8e9e-9899227f9e19
13.117900500074029;52.39217387046665;50.0;gps;1354645389000;db1a73cb-bf0e-4663-8e9e-9899227f9e19
13.117883317172527;52.392075969837606;50.0;gps;1354645390000;db1a73cb-bf0e-4663-8e9e-9899227f9e19
13.11784777790308;52.39217852242291;50.0;gps;1354645391000;db1a73cb-bf0e-4663-8e9e-9899227f9e19
13.117810310795903;52.39230094011873;50.0;gps;1354645392000;db1a73cb-bf0e-4663-8e9e-9899227f9e19
13.117903349921107;52.39233329426497;50.0;gps;1354645393000;db1a73cb-bf0e-4663-8e9e-9899227f9e19
13.117947354912758;52.392430901527405;50.0;gps;1354645394000;db1a73cb-bf0e-4663-8e9e-9899227f9e19
13.117832941934466;52.392347627319396;50.0;gps;1354645395000;db1a73cb-bf0e-4663-8e9e-9899227f9e19
13.11785414814949;52.39232784602791;50.0;gps;1354645396000;db1a73cb-bf0e-4663-8e9e-9899227f9e19
13.117957664653659;52.39236397203058;50.0;gps;1354645397000;db1a73cb-bf0e-4663-8e9e-9899227f9e19
13.118287660181522;52.39244720432907;50.0;gps;1354645398000;db1a73cb-bf0e-4663-8e9e-9899227f9e19
13.118282044306397;52.39244875498116;50.0;gps;1354645399000;db1a73cb-bf0e-4663-8e9e-9899227f9e19
13.118064869195223;52.39247121848166;50.0;gps;1354645400000;db1a73cb-bf0e-4663-8e9e-9899227f9e19
13.118149191141129;52.392637599259615;50.0;gps;1354645401000;db1a73cb-bf0e-4663-8e9e-9899227f9e19
13.11789714731276;52.3924509761855;50.0;gps;1354645402000;db1a73cb-bf0e-4663-8e9e-9899227f9e19
13.11774954199791;52.39259330090135;50.0;gps;1354645403000;db1a73cb-bf0e-4663-8e9e-9899227f9e19
13.118009883910418;52.39266706164926;50.0;gps;1354645404000;db1a73cb-bf0e-4663-8e9e-9899227f9e19
13.118088925257325;52.39266203250736;50.0;gps;1354645405000;db1a73cb-bf0e-4663-8e9e-9899227f9e19
13.117943834513426;52.392745851539075;50.0;gps;1354645406000;db1a73cb-bf0e-4663-8e9e-9899227f9e19
13.117952970787883;52.39267121069133;50.0;gps;1354645407000;db1a73cb-bf0e-4663-8e9e-9899227f9e19
13.117866888642311;52.392616854049265;50.0;gps;1354645408000;db1a73cb-bf0e-4663-8e9e-9899227f9e19
13.117700507864356;52.392566562630236;50.0;gps;1354645409000;db1a73cb-bf0e-4663-8e9e-9899227f9e19
13.117650300264359;52.39250017795712;50.0;gps;1354645410000;db1a73cb-bf0e-4663-8e9e-9899227f9e19
13.11778868548572;52.39245152100921;50.0;gps;1354645411000;db1a73cb-bf0e-4663-8e9e-9899227f9e19
13.11768164858222;52.39251786377281;50.0;gps;1354645412000;db1a73cb-bf0e-4663-8e9e-9899227f9e19
13.117621131241322;52.39249313715845;50.0;gps;1354645413000;db1a73cb-bf0e-4663-8e9e-9899227f9e19
13.117586933076382;52.392481779679656;50.0;gps;1354645414000;db1a73cb-bf0e-4663-8e9e-9899227f9e19
13.117639487609267;52.3925114935264;50.0;gps;1354645415000;db1a73cb-bf0e-4663-8e9e-9899227f9e19
13.117782734334469;52.39257569890469;50.0;gps;1354645416000;db1a73cb-bf0e-4663-8e9e-9899227f9e19
13.11774468049407;52.392532574012876;50.0;gps;1354645417000;db1a73cb-bf0e-4663-8e9e-9899227f9e19
13.117767479270697;52.39261207636446;50.0;gps;1354645418000;db1a73cb-bf0e-4663-8e9e-9899227f9e19
13.117867978289723;52.39263525232673;50.0;gps;1354645419000;db1a73cb-bf0e-4663-8e9e-9899227f9e19
13.117893459275365;52.392625361680984;50.0;gps;1354645420000;db1a73cb-bf0e-4663-8e9e-9899227f9e19
13.118173414841294;52.39275054540485;50.0;gps;1354645421000;db1a73cb-bf0e-4663-8e9e-9899227f9e19
13.118008961901069;52.3926238110289;50.0;gps;1354645422000;db1a73cb-bf0e-4663-8e9e-9899227f9e19
13.1180383823812;52.392719867639244;50.0;gps;1354645423000;db1a73cb-bf0e-4663-8e9e-9899227f9e19
13.118126643821597;52.39278361201286;50.0;gps;1354645424000;db1a73cb-bf0e-4663-8e9e-9899227f9e19
13.117856746539474;52.39282975438982;50.0;gps;1354645425000;db1a73cb-bf0e-4663-8e9e-9899227f9e19
13.11795481480658;52.39294848404825;50.0;gps;1354645426000;db1a73cb-bf0e-4663-8e9e-9899227f9e19
13.117948193103075;52.392894588410854;50.0;gps;1354645427000;db1a73cb-bf0e-4663-8e9e-9899227f9e19
13.11788440681994;52.392799789085984;50.0;gps;1354645428000;db1a73cb-bf0e-4663-8e9e-9899227f9e19
13.117886753752828;52.392804524861276;50.0;gps;1354645429000;db1a73cb-bf0e-4663-8e9e-9899227f9e19
13.117544101551175;52.392787928693;50.0;gps;1354645430000;db1a73cb-bf0e-4663-8e9e-9899227f9e19
13.11758148483932;52.392832268960774;50.0;gps;1354645431000;db1a73cb-bf0e-4663-8e9e-9899227f9e19
13.117453828454018;52.392733613960445;50.0;gps;1354645432000;db1a73cb-bf0e-4663-8e9e-9899227f9e19
13.117460533976555;52.39264652598649;50.0;gps;1354645433000;db1a73cb-bf0e-4663-8e9e-9899227f9e19
13.117268085479736;52.39268336445093;50.0;gps;1354645434000;db1a73cb-bf0e-4663-8e9e-9899227f9e19
13.117156270891428;52.392702139914036;50.0;gps;1354645435000;db1a73cb-bf0e-4663-8e9e-9899227f9e19
13.117320807650685;52.39266408607364;50.0;gps;1354645436000;db1a73cb-bf0e-4663-8e9e-9899227f9e19
13.117390628904104;52.39264392759651;50.0;gps;1354645437000;db1a73cb-bf0e-4663-8e9e-9899227f9e19
13.11734888702631;52.3924768762663;50.0;gps;1354645438000;db1a73cb-bf0e-4663-8e9e-9899227f9e19
13.117383169010282;52.392369294539094;50.0;gps;1354645439000;db1a73cb-bf0e-4663-8e9e-9899227f9e19
13.117408230900764;52.39247373305261;50.0;gps;1354645440000;db1a73cb-bf0e-4663-8e9e-9899227f9e19
13.117248136550188;52.39254682324827;50.0;gps;1354645441000;db1a73cb-bf0e-4663-8e9e-9899227f9e19
13.117306726053357;52.392539363354445;50.0;gps;1354645442000;db1a73cb-bf0e-4663-8e9e-9899227f9e19
13.117292979732156;52.392555749975145;50.0;gps;1354645443000;db1a73cb-bf0e-4663-8e9e-9899227f9e19
13.11726582236588;52.39256731700152;50.0;gps;1354645444000;db1a73cb-bf0e-4663-8e9e-9899227f9e19
13.117359029129148;52.39252896979451;50.0;gps;1354645445000;db1a73cb-bf0e-4663-8e9e-9899227f9e19
13.117401609197259;52.39256664644927;50.0;gps;1354645446000;db1a73cb-bf0e-4663-8e9e-9899227f9e19
13.117617359384894;52.39269069861621;50.0;gps;1354645447000;db1a73cb-bf0e-4663-8e9e-9899227f9e19
13.117420300841331;52.39274295978248;50.0;gps;1354645448000;db1a73cb-bf0e-4663-8e9e-9899227f9e19
13.117394149303436;52.39258001558483;50.0;gps;1354645449000;db1a73cb-bf0e-4663-8e9e-9899227f9e19
13.117586094886065;52.39272590260953;50.0;gps;1354645450000;db1a73cb-bf0e-4663-8e9e-9899227f9e19
13.117542592808604;52.392823048867285;50.0;gps;1354645451000;db1a73cb-bf0e-4663-8e9e-9899227f9e19
13.117413343861699;52.392719238996506;50.0;gps;1354645452000;db1a73cb-bf0e-4663-8e9e-9899227f9e19
13.117323406040668;52.392623140476644;50.0;gps;1354645453000;db1a73cb-bf0e-4663-8e9e-9899227f9e19
13.117235731333494;52.39266253542155;50.0;gps;1354645454000;db1a73cb-bf0e-4663-8e9e-9899227f9e19
13.117105141282082;52.39267410244793;50.0;gps;1354645455000;db1a73cb-bf0e-4663-8e9e-9899227f9e19
13.117239335551858;52.39269945770502;50.0;gps;1354645456000;db1a73cb-bf0e-4663-8e9e-9899227f9e19
13.117343354970217;52.39265059120953;50.0;gps;1354645457000;db1a73cb-bf0e-4663-8e9e-9899227f9e19
13.117369841784239;52.392656207084656;50.0;gps;1354645458000;db1a73cb-bf0e-4663-8e9e-9899227f9e19
13.117293985560536;52.39267619792372;50.0;gps;1354645459000;db1a73cb-bf0e-4663-8e9e-9899227f9e19
13.117257943376899;52.3926772037521;50.0;gps;1354645460000;db1a73cb-bf0e-4663-8e9e-9899227f9e19
13.11733958311379;52.392687262035906;50.0;gps;1354645461000;db1a73cb-bf0e-4663-8e9e-9899227f9e19
13.117284094914794;52.39270473830402;50.0;gps;1354645462000;db1a73cb-bf0e-4663-8e9e-9899227f9e19
13.117264732718468;52.39270737860352;50.0;gps;1354645463000;db1a73cb-bf0e-4663-8e9e-9899227f9e19
13.117303289473057;52.3926618648693;50.0;gps;1354645464000;db1a73cb-bf0e-4663-8e9e-9899227f9e19
13.117330949753523;52.3926470708102;50.0;gps;1354645465000;db1a73cb-bf0e-4663-8e9e-9899227f9e19
13.117335811257362;52.3926357133314;50.0;gps;1354645466000;db1a73cb-bf0e-4663-8e9e-9899227f9e19
13.11733472160995;52.39262125454843;50.0;gps;1354645467000;db1a73cb-bf0e-4663-8e9e-9899227f9e19
13.117422563955188;52.392640532925725;50.0;gps;1354645468000;db1a73cb-bf0e-4663-8e9e-9899227f9e19
13.1174392439425;52.39262800198048;50.0;gps;1354645469000;db1a73cb-bf0e-4663-8e9e-9899227f9e19
13.117494815960526;52.392609477974474;50.0;gps;1354645470000;db1a73cb-bf0e-4663-8e9e-9899227f9e19
13.11764401383698;52.392662074416876;50.0;gps;1354645471000;db1a73cb-bf0e-4663-8e9e-9899227f9e19
13.117682402953506;52.39267447963357;50.0;gps;1354645472000;db1a73cb-bf0e-4663-8e9e-9899227f9e19
13.117637392133474;52.39266031421721;50.0;gps;1354645473000;db1a73cb-bf0e-4663-8e9e-9899227f9e19
13.117454750463367;52.392584164626896;50.0;gps;1354645474000;db1a73cb-bf0e-4663-8e9e-9899227f9e19
13.117472268640995;52.392587936483324;50.0;gps;1354645475000;db1a73cb-bf0e-4663-8e9e-9899227f9e19
13.117463970556855;52.39257641136646;50.0;gps;1354645476000;db1a73cb-bf0e-4663-8e9e-9899227f9e19
13.117449721321464;52.39267049822956;50.0;gps;1354645477000;db1a73cb-bf0e-4663-8e9e-9899227f9e19
13.11735576018691;52.392576076090336;50.0;gps;1354645478000;db1a73cb-bf0e-4663-8e9e-9899227f9e19
13.117298930883408;52.39254669751972;50.0;gps;1354645479000;db1a73cb-bf0e-4663-8e9e-9899227f9e19
13.117413176223636;52.3924562567845;50.0;gps;1354645480000;db1a73cb-bf0e-4663-8e9e-9899227f9e19
13.117412673309445;52.39247616380453;50.0;gps;1354645481000;db1a73cb-bf0e-4663-8e9e-9899227f9e19
13.117322316393256;52.39251216407865;50.0;gps;1354645482000;db1a73cb-bf0e-4663-8e9e-9899227f9e19
13.117335811257362;52.392380526289344;50.0;gps;1354645483000;db1a73cb-bf0e-4663-8e9e-9899227f9e19
13.117365818470716;52.39238098729402;50.0;gps;1354645484000;db1a73cb-bf0e-4663-8e9e-9899227f9e19
13.117318795993924;52.3924197955057;50.0;gps;1354645485000;db1a73cb-bf0e-4663-8e9e-9899227f9e19
13.117198515683413;52.39237780217081;50.0;gps;1354645486000;db1a73cb-bf0e-4663-8e9e-9899227f9e19
13.117440585047007;52.39242386072874;50.0;gps;1354645487000;db1a73cb-bf0e-4663-8e9e-9899227f9e19
13.11748861335218;52.392364726401865;50.0;gps;1354645488000;db1a73cb-bf0e-4663-8e9e-9899227f9e19
13.117504874244332;52.39225622266531;50.0;gps;1354645489000;db1a73cb-bf0e-4663-8e9e-9899227f9e19
13.117723809555173;52.39242423791438;50.0;gps;1354645490000;db1a73cb-bf0e-4663-8e9e-9899227f9e19
13.117696568369865;52.39242386072874;50.0;gps;1354645491000;db1a73cb-bf0e-4663-8e9e-9899227f9e19
13.117639739066362;52.39245106000453;50.0;gps;1354645492000;db1a73cb-bf0e-4663-8e9e-9899227f9e19
13.117576707154512;52.39239423070103;50.0;gps;1354645493000;db1a73cb-bf0e-4663-8e9e-9899227f9e19
13.1175653077662;52.39245977718383;50.0;gps;1354645494000;db1a73cb-bf0e-4663-8e9e-9899227f9e19
13.117648791521788;52.39252704195678;50.0;gps;1354645495000;db1a73cb-bf0e-4663-8e9e-9899227f9e19
13.117605037987232;52.39236082881689;50.0;gps;1354645496000;db1a73cb-bf0e-4663-8e9e-9899227f9e19
13.117630435153842;52.39237428177148;50.0;gps;1354645497000;db1a73cb-bf0e-4663-8e9e-9899227f9e19
13.117603529244661;52.392387399449944;50.0;gps;1354645498000;db1a73cb-bf0e-4663-8e9e-9899227f9e19
13.117544269189239;52.392423525452614;50.0;gps;1354645499000;db1a73cb-bf0e-4663-8e9e-9899227f9e19
13.117577712982893;52.39243098534644;50.0;gps;1354645500000;db1a73cb-bf0e-4663-8e9e-9899227f9e19
13.11739917844534;52.39243739750236;50.0;gps;1354645501000;db1a73cb-bf0e-4663-8e9e-9899227f9e19
13.1174529902637;52.392427758313715;50.0;gps;1354645502000;db1a73cb-bf0e-4663-8e9e-9899227f9e19
13.117230199277401;52.39250256679952;50.0;gps;1354645503000;db1a73cb-bf0e-4663-8e9e-9899227f9e19
13.117435136809945;52.3925260361284;50.0;gps;1354645504000;db1a73cb-bf0e-4663-8e9e-9899227f9e19
13.11747352592647;52.392510110512376;50.0;gps;1354645505000;db1a73cb-bf0e-4663-8e9e-9899227f9e19
13.117429185658693;52.39244712051004;50.0;gps;1354645506000;db1a73cb-bf0e-4663-8e9e-9899227f9e19
13.117507053539157;52.39243790041655;50.0;gps;1354645507000;db1a73cb-bf0e-4663-8e9e-9899227f9e19
13.117610570043325;52.39243588875979;50.0;gps;1354645508000;db1a73cb-bf0e-4663-8e9e-9899227f9e19
13.117673685774207;52.39244133699685;50.0;gps;1354645509000;db1a73cb-bf0e-4663-8e9e-9899227f9e19
13.117623226717114;52.39242880605161;50.0;gps;1354645510000;db1a73cb-bf0e-4663-8e9e-9899227f9e19
13.117608139291406;52.39248953294009;50.0;gps;1354645511000;db1a73cb-bf0e-4663-8e9e-9899227f9e19
13.117695730179548;52.39251815713942;50.0;gps;1354645512000;db1a73cb-bf0e-4663-8e9e-9899227f9e19
13.117964873090386;52.39245126955211;50.0;gps;1354645513000;db1a73cb-bf0e-4663-8e9e-9899227f9e19
13.117902930825949;52.392289456911385;50.0;gps;1354645514000;db1a73cb-bf0e-4663-8e9e-9899227f9e19
13.117888430133462;52.39219633396715;50.0;gps;1354645515000;db1a73cb-bf0e-4663-8e9e-9899227f9e19
13.11781064607203;52.39212429150939;50.0;gps;1354645516000;db1a73cb-bf0e-4663-8e9e-9899227f9e19
13.117708805948496;52.39212659653276;50.0;gps;1354645517000;db1a73cb-bf0e-4663-8e9e-9899227f9e19
13.117852974683046;52.39246212411672;50.0;gps;1354645518000;db1a73cb-bf0e-4663-8e9e-9899227f9e19
13.117647869512439;52.3924258723855;50.0;gps;1354645519000;db1a73cb-bf0e-4663-8e9e-9899227f9e19
13.117740070447326;52.39232160151005;50.0;gps;1354645520000;db1a73cb-bf0e-4663-8e9e-9899227f9e19
13.117905277758837;52.39253697451204;50.0;gps;1354645521000;db1a73cb-bf0e-4663-8e9e-9899227f9e19
13.11801734380424;52.392527419142425;50.0;gps;1354645522000;db1a73cb-bf0e-4663-8e9e-9899227f9e19
13.117851968854666;52.39248504862189;50.0;gps;1354645523000;db1a73cb-bf0e-4663-8e9e-9899227f9e19
13.117665639147162;52.39248467143625;50.0;gps;1354645524000;db1a73cb-bf0e-4663-8e9e-9899227f9e19
13.117524906992912;52.392482492141426;50.0;gps;1354645525000;db1a73cb-bf0e-4663-8e9e-9899227f9e19
13.117787260562181;52.39251530729234;50.0;gps;1354645526000;db1a73cb-bf0e-4663-8e9e-9899227f9e19
13.117809556424618;52.39249963313341;50.0;gps;1354645527000;db1a73cb-bf0e-4663-8e9e-9899227f9e19
13.117846269160509;52.39245080854744;50.0;gps;1354645528000;db1a73cb-bf0e-4663-8e9e-9899227f9e19
13.117985241115093;52.392492927610874;50.0;gps;1354645529000;db1a73cb-bf0e-4663-8e9e-9899227f9e19
13.117867475375533;52.39245512522757;50.0;gps;1354645530000;db1a73cb-bf0e-4663-8e9e-9899227f9e19
13.117900500074029;52.392464890144765;50.0;gps;1354645531000;db1a73cb-bf0e-4663-8e9e-9899227f9e19
13.117908462882042;52.39246799144894;50.0;gps;1354645532000;db1a73cb-bf0e-4663-8e9e-9899227f9e19
13.117913492023945;52.39247381687164;50.0;gps;1354645533000;db1a73cb-bf0e-4663-8e9e-9899227f9e19
13.11784970574081;52.3923870222643;50.0;gps;1354645534000;db1a73cb-bf0e-4663-8e9e-9899227f9e19
13.117867643013597;52.392490077763796;50.0;gps;1354645535000;db1a73cb-bf0e-4663-8e9e-9899227f9e19
13.117735628038645;52.3924993397668;50.0;gps;1354645536000;db1a73cb-bf0e-4663-8e9e-9899227f9e19
13.117643762379885;52.392504871822894;50.0;gps;1354645537000;db1a73cb-bf0e-4663-8e9e-9899227f9e19
13.117733616381884;52.3924744874239;50.0;gps;1354645538000;db1a73cb-bf0e-4663-8e9e-9899227f9e19
13.117736550047994;52.3924562567845;50.0;gps;1354645539000;db1a73cb-bf0e-4663-8e9e-9899227f9e19
13.117839815095067;52.392508811317384;50.0;gps;1354645540000;db1a73cb-bf0e-4663-8e9e-9899227f9e19
13.117958083748817;52.39247121848166;50.0;gps;1354645541000;db1a73cb-bf0e-4663-8e9e-9899227f9e19
13.118082135915756;52.392380526289344;50.0;gps;1354645542000;db1a73cb-bf0e-4663-8e9e-9899227f9e19
13.118065372109413;52.39244246855378;50.0;gps;1354645543000;db1a73cb-bf0e-4663-8e9e-9899227f9e19
13.118200404569507;52.39249011967331;50.0;gps;1354645544000;db1a73cb-bf0e-4663-8e9e-9899227f9e19
13.11831682920456;52.392470967024565;50.0;gps;1354645545000;db1a73cb-bf0e-4663-8e9e-9899227f9e19
13.118279781192541;52.39251765422523;50.0;gps;1354645546000;db1a73cb-bf0e-4663-8e9e-9899227f9e19
13.118023797869682;52.392446366138756;50.0;gps;1354645547000;db1a73cb-bf0e-4663-8e9e-9899227f9e19
13.117774771526456;52.39238169975579;50.0;gps;1354645548000;db1a73cb-bf0e-4663-8e9e-9899227f9e19
13.118044501170516;52.392501812428236;50.0;gps;1354645549000;db1a73cb-bf0e-4663-8e9e-9899227f9e19
13.117894129827619;52.392399427480996;50.0;gps;1354645550000;db1a73cb-bf0e-4663-8e9e-9899227f9e19
13.118040142580867;52.392548667266965;50.0;gps;1354645551000;db1a73cb-bf0e-4663-8e9e-9899227f9e19
13.11802564188838;52.3924422590062;50.0;gps;1354645552000;db1a73cb-bf0e-4663-8e9e-9899227f9e19
13.11822697520256;52.39243320655078;50.0;gps;1354645553000;db1a73cb-bf0e-4663-8e9e-9899227f9e19
13.118173582479358;52.39236581604928;50.0;gps;1354645554000;db1a73cb-bf0e-4663-8e9e-9899227f9e19
13.118238290771842;52.39235110580921;50.0;gps;1354645555000;db1a73cb-bf0e-4663-8e9e-9899227f9e19
13.118342226371169;52.392305633984506;50.0;gps;1354645556000;db1a73cb-bf0e-4663-8e9e-9899227f9e19
13.118261760100722;52.3925720108673;50.0;gps;1354645557000;db1a73cb-bf0e-4663-8e9e-9899227f9e19
13.11810434795916;52.39244841970503;50.0;gps;1354645558000;db1a73cb-bf0e-4663-8e9e-9899227f9e19
13.118027318269014;52.39253902807832;50.0;gps;1354645559000;db1a73cb-bf0e-4663-8e9e-9899227f9e19
13.118195291608572;52.39262921735644;50.0;gps;1354645560000;db1a73cb-bf0e-4663-8e9e-9899227f9e19
13.118353877216578;52.392696188762784;50.0;gps;1354645561000;db1a73cb-bf0e-4663-8e9e-9899227f9e19
13.11838673427701;52.392772254534066;50.0;gps;1354645562000;db1a73cb-bf0e-4663-8e9e-9899227f9e19
13.118376592174172;52.3927583405748;50.0;gps;1354645563000;db1a73cb-bf0e-4663-8e9e-9899227f9e19
13.118291264399886;52.39259007386863;50.0;gps;1354645564000;db1a73cb-bf0e-4663-8e9e-9899227f9e19
13.118419842794538;52.392521845176816;50.0;gps;1354645565000;db1a73cb-bf0e-4663-8e9e-9899227f9e19
13.118515647947788;52.39248752128333;50.0;gps;1354645566000;db1a73cb-bf0e-4663-8e9e-9899227f9e19
13.118412969633937;52.39238974638283;50.0;gps;1354645567000;db1a73cb-bf0e-4663-8e9e-9899227f9e19
13.118434930220246;52.392533998936415;50.0;gps;1354645568000;db1a73cb-bf0e-4663-8e9e-9899227f9e19
13.11867549084127;52.392709222622216;50.0;gps;1354645569000;db1a73cb-bf0e-4663-8e9e-9899227f9e19
13.118648082017899;52.39267213270068;50.0;gps;1354645570000;db1a73cb-bf0e-4663-8e9e-9899227f9e19
13.118514139205217;52.39262599032372;50.0;gps;1354645571000;db1a73cb-bf0e-4663-8e9e-9899227f9e19
13.118396792560816;52.3925944743678;50.0;gps;1354645572000;db1a73cb-bf0e-4663-8e9e-9899227f9e19
13.11855923384428;52.392667145468295;50.0;gps;1354645573000;db1a73cb-bf0e-4663-8e9e-9899227f9e19
13.118562251329422;52.39254648797214;50.0;gps;1354645574000;db1a73cb-bf0e-4663-8e9e-9899227f9e19
13.118556886911392;52.39260474219918;50.0;gps;1354645575000;db1a73cb-bf0e-4663-8e9e-9899227f9e19
13.118593348190188;52.392562623135746;50.0;gps;1354645576000;db1a73cb-bf0e-4663-8e9e-9899227f9e19
13.118639951571822;52.39265494979918;50.0;gps;1354645577000;db1a73cb-bf0e-4663-8e9e-9899227f9e19
13.118670713156462;52.39260889124125;50.0;gps;1354645578000;db1a73cb-bf0e-4663-8e9e-9899227f9e19
13.118527550250292;52.39251501392573;50.0;gps;1354645579000;db1a73cb-bf0e-4663-8e9e-9899227f9e19
13.118485054001212;52.392528341151774;50.0;gps;1354645580000;db1a73cb-bf0e-4663-8e9e-9899227f9e19
13.118499554693699;52.392640952020884;50.0;gps;1354645581000;db1a73cb-bf0e-4663-8e9e-9899227f9e19
13.118581864982843;52.392552522942424;50.0;gps;1354645582000;db1a73cb-bf0e-4663-8e9e-9899227f9e19
13.118594940751791;52.39262146409601;50.0;gps;1354645583000;db1a73cb-bf0e-4663-8e9e-9899227f9e19
13.118638945743442;52.392574860714376;50.0;gps;1354645584000;db1a73cb-bf0e-4663-8e9e-9899227f9e19
13.118688398972154;52.392656626179814;50.0;gps;1354645585000;db1a73cb-bf0e-4663-8e9e-9899227f9e19
13.118731481954455;52.392550385557115;50.0;gps;1354645586000;db1a73cb-bf0e-4663-8e9e-9899227f9e19
13.118701558560133;52.392591875977814;50.0;gps;1354645587000;db1a73cb-bf0e-4663-8e9e-9899227f9e19
13.118701726198196;52.392622218467295;50.0;gps;1354645588000;db1a73cb-bf0e-4663-8e9e-9899227f9e19
13.118729889392853;52.39260763395578;50.0;gps;1354645589000;db1a73cb-bf0e-4663-8e9e-9899227f9e19
13.118752939626575;52.3926203744486;50.0;gps;1354645590000;db1a73cb-bf0e-4663-8e9e-9899227f9e19
13.11877179890871;52.392628085799515;50.0;gps;1354645591000;db1a73cb-bf0e-4663-8e9e-9899227f9e19
13.118779761716723;52.39262913353741;50.0;gps;1354645592000;db1a73cb-bf0e-4663-8e9e-9899227f9e19
13.118786551058292;52.392630223184824;50.0;gps;1354645593000;db1a73cb-bf0e-4663-8e9e-9899227f9e19
13.118882272392511;52.39267024677247;50.0;gps;1354645594000;db1a73cb-bf0e-4663-8e9e-9899227f9e19
13.119164407253265;52.39271131809801;50.0;gps;1354645595000;db1a73cb-bf0e-4663-8e9e-9899227f9e19
